2025-08-31T12:47:31.397+05:30  INFO 23244 --- [billing-payment-service] [restartedMain] [                                                 ] c.w.k.b.BillingPaymentServiceApplication : Starting BillingPaymentServiceApplication using Java 21.0.7 with PID 23244 (C:\sts-4.31.0.RELEASE\MiniProject1\billing-payment-service\target\classes started by Komal in C:\sts-4.31.0.RELEASE\MiniProject1\billing-payment-service)
2025-08-31T12:47:31.404+05:30  INFO 23244 --- [billing-payment-service] [restartedMain] [                                                 ] c.w.k.b.BillingPaymentServiceApplication : No active profile set, falling back to 1 default profile: "default"
2025-08-31T12:47:31.467+05:30  INFO 23244 --- [billing-payment-service] [restartedMain] [                                                 ] o.s.c.c.c.ConfigServerConfigDataLoader   : Fetching config from server at : http://localhost:9092
2025-08-31T12:47:31.468+05:30  INFO 23244 --- [billing-payment-service] [restartedMain] [                                                 ] o.s.c.c.c.ConfigServerConfigDataLoader   : Located environment: name=billing-payment-service, profiles=[default], label=null, version=793ed0c096cee40cfc4d43364491e1f98fde61bf, state=
2025-08-31T12:47:31.470+05:30  INFO 23244 --- [billing-payment-service] [restartedMain] [                                                 ] .e.DevToolsPropertyDefaultsPostProcessor : Devtools property defaults active! Set 'spring.devtools.add-properties' to 'false' to disable
2025-08-31T12:47:31.470+05:30  INFO 23244 --- [billing-payment-service] [restartedMain] [                                                 ] .e.DevToolsPropertyDefaultsPostProcessor : For additional web related logging consider setting the 'logging.level.web' property to 'DEBUG'
2025-08-31T12:47:32.720+05:30  INFO 23244 --- [billing-payment-service] [restartedMain] [                                                 ] .s.d.r.c.RepositoryConfigurationDelegate : Bootstrapping Spring Data JPA repositories in DEFAULT mode.
2025-08-31T12:47:32.818+05:30  INFO 23244 --- [billing-payment-service] [restartedMain] [                                                 ] .s.d.r.c.RepositoryConfigurationDelegate : Finished Spring Data repository scanning in 85 ms. Found 1 JPA repository interface.
2025-08-31T12:47:33.058+05:30  INFO 23244 --- [billing-payment-service] [restartedMain] [                                                 ] o.s.cloud.context.scope.GenericScope     : BeanFactory id=8528afe8-b5aa-3784-8631-c84b35b260c7
2025-08-31T12:47:33.673+05:30  INFO 23244 --- [billing-payment-service] [restartedMain] [                                                 ] o.s.b.w.embedded.tomcat.TomcatWebServer  : Tomcat initialized with port 8085 (http)
2025-08-31T12:47:33.686+05:30  INFO 23244 --- [billing-payment-service] [restartedMain] [                                                 ] o.apache.catalina.core.StandardService   : Starting service [Tomcat]
2025-08-31T12:47:33.687+05:30  INFO 23244 --- [billing-payment-service] [restartedMain] [                                                 ] o.apache.catalina.core.StandardEngine    : Starting Servlet engine: [Apache Tomcat/10.1.43]
2025-08-31T12:47:33.745+05:30  INFO 23244 --- [billing-payment-service] [restartedMain] [                                                 ] o.a.c.c.C.[Tomcat].[localhost].[/]       : Initializing Spring embedded WebApplicationContext
2025-08-31T12:47:33.746+05:30  INFO 23244 --- [billing-payment-service] [restartedMain] [                                                 ] w.s.c.ServletWebServerApplicationContext : Root WebApplicationContext: initialization completed in 2275 ms
2025-08-31T12:47:34.324+05:30  INFO 23244 --- [billing-payment-service] [restartedMain] [                                                 ] o.hibernate.jpa.internal.util.LogHelper  : HHH000204: Processing PersistenceUnitInfo [name: default]
2025-08-31T12:47:34.358+05:30  INFO 23244 --- [billing-payment-service] [restartedMain] [                                                 ] org.hibernate.Version                    : HHH000412: Hibernate ORM core version 6.6.22.Final
2025-08-31T12:47:34.382+05:30  INFO 23244 --- [billing-payment-service] [restartedMain] [                                                 ] o.h.c.internal.RegionFactoryInitiator    : HHH000026: Second-level cache disabled
2025-08-31T12:47:34.562+05:30  INFO 23244 --- [billing-payment-service] [restartedMain] [                                                 ] o.s.o.j.p.SpringPersistenceUnitInfo      : No LoadTimeWeaver setup: ignoring JPA class transformer
2025-08-31T12:47:34.607+05:30  INFO 23244 --- [billing-payment-service] [restartedMain] [                                                 ] com.zaxxer.hikari.HikariDataSource       : HikariPool-1 - Starting...
2025-08-31T12:47:34.722+05:30  INFO 23244 --- [billing-payment-service] [restartedMain] [                                                 ] com.zaxxer.hikari.pool.HikariPool        : HikariPool-1 - Added connection com.mysql.cj.jdbc.ConnectionImpl@52d7e358
2025-08-31T12:47:34.724+05:30  INFO 23244 --- [billing-payment-service] [restartedMain] [                                                 ] com.zaxxer.hikari.HikariDataSource       : HikariPool-1 - Start completed.
2025-08-31T12:47:34.761+05:30  WARN 23244 --- [billing-payment-service] [restartedMain] [                                                 ] org.hibernate.orm.deprecation            : HHH90000025: MySQLDialect does not need to be specified explicitly using 'hibernate.dialect' (remove the property setting and it will be selected by default)
2025-08-31T12:47:34.775+05:30  INFO 23244 --- [billing-payment-service] [restartedMain] [                                                 ] org.hibernate.orm.connections.pooling    : HHH10001005: Database info:
	Database JDBC URL [Connecting through datasource 'HikariDataSource (HikariPool-1)']
	Database driver: undefined/unknown
	Database version: 8.0.41
	Autocommit mode: undefined/unknown
	Isolation level: undefined/unknown
	Minimum pool size: undefined/unknown
	Maximum pool size: undefined/unknown
2025-08-31T12:47:35.318+05:30  INFO 23244 --- [billing-payment-service] [restartedMain] [                                                 ] o.h.e.t.j.p.i.JtaPlatformInitiator       : HHH000489: No JTA platform available (set 'hibernate.transaction.jta.platform' to enable JTA platform integration)
2025-08-31T12:47:35.353+05:30  INFO 23244 --- [billing-payment-service] [restartedMain] [                                                 ] j.LocalContainerEntityManagerFactoryBean : Initialized JPA EntityManagerFactory for persistence unit 'default'
2025-08-31T12:47:35.763+05:30  WARN 23244 --- [billing-payment-service] [restartedMain] [                                                 ] JpaBaseConfiguration$JpaWebConfiguration : spring.jpa.open-in-view is enabled by default. Therefore, database queries may be performed during view rendering. Explicitly configure spring.jpa.open-in-view to disable this warning
2025-08-31T12:47:35.864+05:30  WARN 23244 --- [billing-payment-service] [restartedMain] [                                                 ] o.s.b.d.a.OptionalLiveReloadServer       : Unable to start LiveReload server
2025-08-31T12:47:35.917+05:30  INFO 23244 --- [billing-payment-service] [restartedMain] [                                                 ] o.s.c.openfeign.FeignClientFactoryBean   : For 'patient-service' URL not provided. Will try picking an instance via load-balancing.
2025-08-31T12:47:35.992+05:30  INFO 23244 --- [billing-payment-service] [restartedMain] [                                                 ] o.s.c.openfeign.FeignClientFactoryBean   : For 'appointment-service' URL not provided. Will try picking an instance via load-balancing.
2025-08-31T12:47:37.475+05:30  INFO 23244 --- [billing-payment-service] [restartedMain] [                                                 ] DiscoveryClientOptionalArgsConfiguration : Eureka HTTP Client uses RestTemplate.
2025-08-31T12:47:37.529+05:30  WARN 23244 --- [billing-payment-service] [restartedMain] [                                                 ] iguration$LoadBalancerCaffeineWarnLogger : Spring Cloud LoadBalancer is currently working with the default cache. While this cache implementation is useful for development and tests, it's recommended to use Caffeine cache in production.You can switch to using Caffeine cache, by adding it and org.springframework.cache.caffeine.CaffeineCacheManager to the classpath.
2025-08-31T12:47:37.566+05:30  INFO 23244 --- [billing-payment-service] [restartedMain] [                                                 ] o.s.b.a.e.web.EndpointLinksResolver      : Exposing 27 endpoints beneath base path '/actuator'
2025-08-31T12:47:37.664+05:30  INFO 23244 --- [billing-payment-service] [restartedMain] [                                                 ] o.s.c.n.eureka.InstanceInfoFactory       : Setting initial instance status as: STARTING
2025-08-31T12:47:37.685+05:30  INFO 23244 --- [billing-payment-service] [restartedMain] [                                                 ] com.netflix.discovery.DiscoveryClient    : Initializing Eureka in region us-east-1
2025-08-31T12:47:37.689+05:30  INFO 23244 --- [billing-payment-service] [restartedMain] [                                                 ] c.n.d.s.r.aws.ConfigClusterResolver      : Resolving eureka endpoints via configuration
2025-08-31T12:47:37.698+05:30  INFO 23244 --- [billing-payment-service] [restartedMain] [                                                 ] com.netflix.discovery.DiscoveryClient    : Disable delta property : false
2025-08-31T12:47:37.698+05:30  INFO 23244 --- [billing-payment-service] [restartedMain] [                                                 ] com.netflix.discovery.DiscoveryClient    : Single vip registry refresh property : null
2025-08-31T12:47:37.698+05:30  INFO 23244 --- [billing-payment-service] [restartedMain] [                                                 ] com.netflix.discovery.DiscoveryClient    : Force full registry fetch : false
2025-08-31T12:47:37.698+05:30  INFO 23244 --- [billing-payment-service] [restartedMain] [                                                 ] com.netflix.discovery.DiscoveryClient    : Application is null : false
2025-08-31T12:47:37.698+05:30  INFO 23244 --- [billing-payment-service] [restartedMain] [                                                 ] com.netflix.discovery.DiscoveryClient    : Registered Applications size is zero : true
2025-08-31T12:47:37.698+05:30  INFO 23244 --- [billing-payment-service] [restartedMain] [                                                 ] com.netflix.discovery.DiscoveryClient    : Application version is -1: true
2025-08-31T12:47:37.698+05:30  INFO 23244 --- [billing-payment-service] [restartedMain] [                                                 ] com.netflix.discovery.DiscoveryClient    : Getting all instance registry info from the eureka server
2025-08-31T12:47:37.879+05:30  INFO 23244 --- [billing-payment-service] [restartedMain] [                                                 ] com.netflix.discovery.DiscoveryClient    : The response status is 200
2025-08-31T12:47:37.883+05:30  INFO 23244 --- [billing-payment-service] [restartedMain] [                                                 ] com.netflix.discovery.DiscoveryClient    : Starting heartbeat executor: renew interval is: 30
2025-08-31T12:47:37.886+05:30  INFO 23244 --- [billing-payment-service] [restartedMain] [                                                 ] c.n.discovery.InstanceInfoReplicator     : InstanceInfoReplicator onDemand update allowed rate per min is 4
2025-08-31T12:47:37.887+05:30  INFO 23244 --- [billing-payment-service] [restartedMain] [                                                 ] com.netflix.discovery.DiscoveryClient    : Discovery Client initialized at timestamp 1756624657887 with initial instances count: 5
2025-08-31T12:47:37.900+05:30  INFO 23244 --- [billing-payment-service] [restartedMain] [                                                 ] o.s.c.n.e.s.EurekaServiceRegistry        : Registering application BILLING-PAYMENT-SERVICE with eureka with status UP
2025-08-31T12:47:37.900+05:30  INFO 23244 --- [billing-payment-service] [restartedMain] [                                                 ] com.netflix.discovery.DiscoveryClient    : Saw local status change event StatusChangeEvent [timestamp=1756624657900, current=UP, previous=STARTING]
2025-08-31T12:47:37.904+05:30  INFO 23244 --- [billing-payment-service] [DiscoveryClient-InstanceInfoReplicator-%d] [                                                 ] com.netflix.discovery.DiscoveryClient    : DiscoveryClient_BILLING-PAYMENT-SERVICE/LAPTOP-HPLJP7AG:billing-payment-service:8085: registering service...
2025-08-31T12:47:37.914+05:30  INFO 23244 --- [billing-payment-service] [restartedMain] [                                                 ] o.s.b.w.embedded.tomcat.TomcatWebServer  : Tomcat started on port 8085 (http) with context path '/'
2025-08-31T12:47:37.916+05:30  INFO 23244 --- [billing-payment-service] [restartedMain] [                                                 ] .s.c.n.e.s.EurekaAutoServiceRegistration : Updating port to 8085
2025-08-31T12:47:37.933+05:30  INFO 23244 --- [billing-payment-service] [restartedMain] [                                                 ] c.w.k.b.BillingPaymentServiceApplication : Started BillingPaymentServiceApplication in 7.761 seconds (process running for 8.414)
2025-08-31T12:47:37.945+05:30  INFO 23244 --- [billing-payment-service] [DiscoveryClient-InstanceInfoReplicator-%d] [                                                 ] com.netflix.discovery.DiscoveryClient    : DiscoveryClient_BILLING-PAYMENT-SERVICE/LAPTOP-HPLJP7AG:billing-payment-service:8085 - registration status: 204
2025-08-31T12:47:38.475+05:30  INFO 23244 --- [billing-payment-service] [RMI TCP Connection(7)-127.0.0.1] [                                                 ] o.a.c.c.C.[Tomcat].[localhost].[/]       : Initializing Spring DispatcherServlet 'dispatcherServlet'
2025-08-31T12:47:38.476+05:30  INFO 23244 --- [billing-payment-service] [RMI TCP Connection(7)-127.0.0.1] [                                                 ] o.s.web.servlet.DispatcherServlet        : Initializing Servlet 'dispatcherServlet'
2025-08-31T12:47:38.477+05:30  INFO 23244 --- [billing-payment-service] [RMI TCP Connection(7)-127.0.0.1] [                                                 ] o.s.web.servlet.DispatcherServlet        : Completed initialization in 1 ms
2025-08-31T12:48:47.480+05:30  WARN 23244 --- [billing-payment-service] [http-nio-8085-exec-4] [68b3f7573d7d807b8bbd887941656d39-8bbd887941656d39] .m.m.a.ExceptionHandlerExceptionResolver : Resolved [org.springframework.web.servlet.resource.NoResourceFoundException: No static resource favicon.ico.]
2025-08-31T12:52:37.713+05:30  INFO 23244 --- [billing-payment-service] [AsyncResolver-bootstrap-executor-%d] [                                                 ] c.n.d.s.r.aws.ConfigClusterResolver      : Resolving eureka endpoints via configuration
2025-08-31T12:56:05.346+05:30  INFO 23244 --- [billing-payment-service] [http-nio-8085-exec-7] [68b3f90d98b033b28538bd6edffd4a96-8538bd6edffd4a96] o.springdoc.api.AbstractOpenApiResource  : Init duration for springdoc-openapi is: 315 ms
2025-08-31T12:56:30.707+05:30  INFO 23244 --- [billing-payment-service] [http-nio-8085-exec-10] [68b3f92662417e5edf3b2911aec22054-df3b2911aec22054] c.wipro.komal.billing.aop.LoggingAspect  : Entering: BillingController.getAll() with args []
2025-08-31T12:56:30.708+05:30  INFO 23244 --- [billing-payment-service] [http-nio-8085-exec-10] [68b3f92662417e5edf3b2911aec22054-df3b2911aec22054] c.wipro.komal.billing.aop.LoggingAspect  : Entering: BillingServiceImpl.getAll() with args []
2025-08-31T12:56:30.969+05:30  INFO 23244 --- [billing-payment-service] [http-nio-8085-exec-10] [68b3f92662417e5edf3b2911aec22054-df3b2911aec22054] c.wipro.komal.billing.aop.LoggingAspect  : Exiting: BillingServiceImpl.getAll() with result [BillingRecord(id=1, patientId=1, appointmentId=1, amount=500.00, status=PENDING, issuedOn=2025-08-16T02:33:11.720530), BillingRecord(id=2, patientId=2, appointmentId=3, amount=750.00, status=PAID, issuedOn=2025-08-16T02:37:01.021298), BillingRecord(id=3, patientId=3, appointmentId=4, amount=1750.00, status=PENDING, issuedOn=2025-08-16T02:38:08.127753), BillingRecord(id=4, patientId=4, appointmentId=5, amount=900.00, status=PENDING, issuedOn=2025-08-16T02:39:35.057239), BillingRecord(id=5, patientId=5, appointmentId=4, amount=300.00, status=PENDING, issuedOn=2025-08-16T02:41:10.008008)]
2025-08-31T12:56:30.970+05:30  INFO 23244 --- [billing-payment-service] [http-nio-8085-exec-10] [68b3f92662417e5edf3b2911aec22054-df3b2911aec22054] c.wipro.komal.billing.aop.LoggingAspect  : Exiting: BillingController.getAll() with result [BillingRecord(id=1, patientId=1, appointmentId=1, amount=500.00, status=PENDING, issuedOn=2025-08-16T02:33:11.720530), BillingRecord(id=2, patientId=2, appointmentId=3, amount=750.00, status=PAID, issuedOn=2025-08-16T02:37:01.021298), BillingRecord(id=3, patientId=3, appointmentId=4, amount=1750.00, status=PENDING, issuedOn=2025-08-16T02:38:08.127753), BillingRecord(id=4, patientId=4, appointmentId=5, amount=900.00, status=PENDING, issuedOn=2025-08-16T02:39:35.057239), BillingRecord(id=5, patientId=5, appointmentId=4, amount=300.00, status=PENDING, issuedOn=2025-08-16T02:41:10.008008)]
2025-08-31T12:57:37.718+05:30  INFO 23244 --- [billing-payment-service] [AsyncResolver-bootstrap-executor-%d] [                                                 ] c.n.d.s.r.aws.ConfigClusterResolver      : Resolving eureka endpoints via configuration
2025-08-31T13:02:37.731+05:30  INFO 23244 --- [billing-payment-service] [AsyncResolver-bootstrap-executor-%d] [                                                 ] c.n.d.s.r.aws.ConfigClusterResolver      : Resolving eureka endpoints via configuration
2025-08-31T13:07:37.747+05:30  INFO 23244 --- [billing-payment-service] [AsyncResolver-bootstrap-executor-%d] [                                                 ] c.n.d.s.r.aws.ConfigClusterResolver      : Resolving eureka endpoints via configuration
2025-08-31T13:08:41.710+05:30  INFO 23244 --- [billing-payment-service] [File Watcher] [                                                 ] rtingClassPathChangeChangedEventListener : Restarting due to 1 class path change (0 additions, 0 deletions, 1 modification)
2025-08-31T13:08:41.711+05:30  INFO 23244 --- [billing-payment-service] [Thread-1] [                                                 ] o.s.c.n.e.s.EurekaServiceRegistry        : Unregistering application BILLING-PAYMENT-SERVICE with eureka with status DOWN
2025-08-31T13:08:41.712+05:30  INFO 23244 --- [billing-payment-service] [Thread-1] [                                                 ] com.netflix.discovery.DiscoveryClient    : Saw local status change event StatusChangeEvent [timestamp=1756625921712, current=DOWN, previous=UP]
2025-08-31T13:08:41.712+05:30  INFO 23244 --- [billing-payment-service] [DiscoveryClient-InstanceInfoReplicator-%d] [                                                 ] com.netflix.discovery.DiscoveryClient    : DiscoveryClient_BILLING-PAYMENT-SERVICE/LAPTOP-HPLJP7AG:billing-payment-service:8085: registering service...
2025-08-31T13:08:41.714+05:30  INFO 23244 --- [billing-payment-service] [Thread-1] [                                                 ] o.s.b.w.e.tomcat.GracefulShutdown        : Commencing graceful shutdown. Waiting for active requests to complete
2025-08-31T13:08:41.719+05:30  INFO 23244 --- [billing-payment-service] [tomcat-shutdown] [                                                 ] o.s.b.w.e.tomcat.GracefulShutdown        : Graceful shutdown complete
2025-08-31T13:08:41.723+05:30  INFO 23244 --- [billing-payment-service] [DiscoveryClient-InstanceInfoReplicator-%d] [                                                 ] com.netflix.discovery.DiscoveryClient    : DiscoveryClient_BILLING-PAYMENT-SERVICE/LAPTOP-HPLJP7AG:billing-payment-service:8085 - registration status: 204
2025-08-31T13:08:41.728+05:30  INFO 23244 --- [billing-payment-service] [Thread-1] [                                                 ] j.LocalContainerEntityManagerFactoryBean : Closing JPA EntityManagerFactory for persistence unit 'default'
2025-08-31T13:08:41.730+05:30  INFO 23244 --- [billing-payment-service] [Thread-1] [                                                 ] com.zaxxer.hikari.HikariDataSource       : HikariPool-1 - Shutdown initiated...
2025-08-31T13:08:41.735+05:30  INFO 23244 --- [billing-payment-service] [Thread-1] [                                                 ] com.zaxxer.hikari.HikariDataSource       : HikariPool-1 - Shutdown completed.
2025-08-31T13:08:42.495+05:30  INFO 23244 --- [billing-payment-service] [Thread-1] [                                                 ] com.netflix.discovery.DiscoveryClient    : Shutting down DiscoveryClient ...
2025-08-31T13:08:45.508+05:30  INFO 23244 --- [billing-payment-service] [Thread-1] [                                                 ] com.netflix.discovery.DiscoveryClient    : Unregistering ...
2025-08-31T13:08:45.526+05:30  INFO 23244 --- [billing-payment-service] [Thread-1] [                                                 ] com.netflix.discovery.DiscoveryClient    : DiscoveryClient_BILLING-PAYMENT-SERVICE/LAPTOP-HPLJP7AG:billing-payment-service:8085 - deregister  status: 200
2025-08-31T13:08:45.526+05:30  INFO 23244 --- [billing-payment-service] [Thread-1] [                                                 ] com.netflix.discovery.DiscoveryClient    : Completed shut down of DiscoveryClient
2025-08-31T13:08:46.227+05:30  INFO 23244 --- [billing-payment-service] [restartedMain] [                                                 ] c.w.k.b.BillingPaymentServiceApplication : Starting BillingPaymentServiceApplication using Java 21.0.7 with PID 23244 (C:\sts-4.31.0.RELEASE\MiniProject1\billing-payment-service\target\classes started by Komal in C:\sts-4.31.0.RELEASE\MiniProject1\billing-payment-service)
2025-08-31T13:08:46.228+05:30  INFO 23244 --- [billing-payment-service] [restartedMain] [                                                 ] c.w.k.b.BillingPaymentServiceApplication : No active profile set, falling back to 1 default profile: "default"
2025-08-31T13:08:46.229+05:30  INFO 23244 --- [billing-payment-service] [restartedMain] [                                                 ] o.s.c.c.c.ConfigServerConfigDataLoader   : Fetching config from server at : http://localhost:9092
2025-08-31T13:08:46.229+05:30  INFO 23244 --- [billing-payment-service] [restartedMain] [                                                 ] o.s.c.c.c.ConfigServerConfigDataLoader   : Located environment: name=billing-payment-service, profiles=[default], label=null, version=793ed0c096cee40cfc4d43364491e1f98fde61bf, state=
2025-08-31T13:08:46.644+05:30  INFO 23244 --- [billing-payment-service] [restartedMain] [                                                 ] .s.d.r.c.RepositoryConfigurationDelegate : Bootstrapping Spring Data JPA repositories in DEFAULT mode.
2025-08-31T13:08:46.652+05:30  INFO 23244 --- [billing-payment-service] [restartedMain] [                                                 ] .s.d.r.c.RepositoryConfigurationDelegate : Finished Spring Data repository scanning in 7 ms. Found 1 JPA repository interface.
2025-08-31T13:08:46.728+05:30  INFO 23244 --- [billing-payment-service] [restartedMain] [                                                 ] o.s.cloud.context.scope.GenericScope     : BeanFactory id=8528afe8-b5aa-3784-8631-c84b35b260c7
2025-08-31T13:08:46.955+05:30  INFO 23244 --- [billing-payment-service] [restartedMain] [                                                 ] o.s.b.w.embedded.tomcat.TomcatWebServer  : Tomcat initialized with port 8085 (http)
2025-08-31T13:08:46.958+05:30  INFO 23244 --- [billing-payment-service] [restartedMain] [                                                 ] o.apache.catalina.core.StandardService   : Starting service [Tomcat]
2025-08-31T13:08:46.958+05:30  INFO 23244 --- [billing-payment-service] [restartedMain] [                                                 ] o.apache.catalina.core.StandardEngine    : Starting Servlet engine: [Apache Tomcat/10.1.43]
2025-08-31T13:08:46.984+05:30  INFO 23244 --- [billing-payment-service] [restartedMain] [                                                 ] o.a.c.c.C.[Tomcat].[localhost].[/]       : Initializing Spring embedded WebApplicationContext
2025-08-31T13:08:46.984+05:30  INFO 23244 --- [billing-payment-service] [restartedMain] [                                                 ] w.s.c.ServletWebServerApplicationContext : Root WebApplicationContext: initialization completed in 755 ms
2025-08-31T13:08:47.323+05:30  INFO 23244 --- [billing-payment-service] [restartedMain] [                                                 ] o.hibernate.jpa.internal.util.LogHelper  : HHH000204: Processing PersistenceUnitInfo [name: default]
2025-08-31T13:08:47.327+05:30  INFO 23244 --- [billing-payment-service] [restartedMain] [                                                 ] o.h.c.internal.RegionFactoryInitiator    : HHH000026: Second-level cache disabled
2025-08-31T13:08:47.341+05:30  INFO 23244 --- [billing-payment-service] [restartedMain] [                                                 ] o.s.o.j.p.SpringPersistenceUnitInfo      : No LoadTimeWeaver setup: ignoring JPA class transformer
2025-08-31T13:08:47.342+05:30  INFO 23244 --- [billing-payment-service] [restartedMain] [                                                 ] com.zaxxer.hikari.HikariDataSource       : HikariPool-2 - Starting...
2025-08-31T13:08:47.347+05:30  INFO 23244 --- [billing-payment-service] [restartedMain] [                                                 ] com.zaxxer.hikari.pool.HikariPool        : HikariPool-2 - Added connection com.mysql.cj.jdbc.ConnectionImpl@6683d234
2025-08-31T13:08:47.348+05:30  INFO 23244 --- [billing-payment-service] [restartedMain] [                                                 ] com.zaxxer.hikari.HikariDataSource       : HikariPool-2 - Start completed.
2025-08-31T13:08:47.349+05:30  WARN 23244 --- [billing-payment-service] [restartedMain] [                                                 ] org.hibernate.orm.deprecation            : HHH90000025: MySQLDialect does not need to be specified explicitly using 'hibernate.dialect' (remove the property setting and it will be selected by default)
2025-08-31T13:08:47.349+05:30  INFO 23244 --- [billing-payment-service] [restartedMain] [                                                 ] org.hibernate.orm.connections.pooling    : HHH10001005: Database info:
	Database JDBC URL [Connecting through datasource 'HikariDataSource (HikariPool-2)']
	Database driver: undefined/unknown
	Database version: 8.0.41
	Autocommit mode: undefined/unknown
	Isolation level: undefined/unknown
	Minimum pool size: undefined/unknown
	Maximum pool size: undefined/unknown
2025-08-31T13:08:47.397+05:30  INFO 23244 --- [billing-payment-service] [restartedMain] [                                                 ] o.h.e.t.j.p.i.JtaPlatformInitiator       : HHH000489: No JTA platform available (set 'hibernate.transaction.jta.platform' to enable JTA platform integration)
2025-08-31T13:08:47.404+05:30  INFO 23244 --- [billing-payment-service] [restartedMain] [                                                 ] j.LocalContainerEntityManagerFactoryBean : Initialized JPA EntityManagerFactory for persistence unit 'default'
2025-08-31T13:08:47.657+05:30  WARN 23244 --- [billing-payment-service] [restartedMain] [                                                 ] JpaBaseConfiguration$JpaWebConfiguration : spring.jpa.open-in-view is enabled by default. Therefore, database queries may be performed during view rendering. Explicitly configure spring.jpa.open-in-view to disable this warning
2025-08-31T13:08:47.737+05:30  WARN 23244 --- [billing-payment-service] [restartedMain] [                                                 ] o.s.b.d.a.OptionalLiveReloadServer       : Unable to start LiveReload server
2025-08-31T13:08:47.772+05:30  INFO 23244 --- [billing-payment-service] [restartedMain] [                                                 ] o.s.c.openfeign.FeignClientFactoryBean   : For 'patient-service' URL not provided. Will try picking an instance via load-balancing.
2025-08-31T13:08:47.818+05:30  INFO 23244 --- [billing-payment-service] [restartedMain] [                                                 ] o.s.c.openfeign.FeignClientFactoryBean   : For 'appointment-service' URL not provided. Will try picking an instance via load-balancing.
2025-08-31T13:08:48.888+05:30  INFO 23244 --- [billing-payment-service] [restartedMain] [                                                 ] DiscoveryClientOptionalArgsConfiguration : Eureka HTTP Client uses RestTemplate.
2025-08-31T13:08:48.930+05:30  WARN 23244 --- [billing-payment-service] [restartedMain] [                                                 ] iguration$LoadBalancerCaffeineWarnLogger : Spring Cloud LoadBalancer is currently working with the default cache. While this cache implementation is useful for development and tests, it's recommended to use Caffeine cache in production.You can switch to using Caffeine cache, by adding it and org.springframework.cache.caffeine.CaffeineCacheManager to the classpath.
2025-08-31T13:08:48.949+05:30  INFO 23244 --- [billing-payment-service] [restartedMain] [                                                 ] o.s.b.a.e.web.EndpointLinksResolver      : Exposing 27 endpoints beneath base path '/actuator'
2025-08-31T13:08:49.001+05:30  INFO 23244 --- [billing-payment-service] [restartedMain] [                                                 ] o.s.c.n.eureka.InstanceInfoFactory       : Setting initial instance status as: STARTING
2025-08-31T13:08:49.007+05:30  INFO 23244 --- [billing-payment-service] [restartedMain] [                                                 ] com.netflix.discovery.DiscoveryClient    : Initializing Eureka in region us-east-1
2025-08-31T13:08:49.008+05:30  INFO 23244 --- [billing-payment-service] [restartedMain] [                                                 ] c.n.d.s.r.aws.ConfigClusterResolver      : Resolving eureka endpoints via configuration
2025-08-31T13:08:49.008+05:30  INFO 23244 --- [billing-payment-service] [restartedMain] [                                                 ] com.netflix.discovery.DiscoveryClient    : Disable delta property : false
2025-08-31T13:08:49.008+05:30  INFO 23244 --- [billing-payment-service] [restartedMain] [                                                 ] com.netflix.discovery.DiscoveryClient    : Single vip registry refresh property : null
2025-08-31T13:08:49.008+05:30  INFO 23244 --- [billing-payment-service] [restartedMain] [                                                 ] com.netflix.discovery.DiscoveryClient    : Force full registry fetch : false
2025-08-31T13:08:49.009+05:30  INFO 23244 --- [billing-payment-service] [restartedMain] [                                                 ] com.netflix.discovery.DiscoveryClient    : Application is null : false
2025-08-31T13:08:49.009+05:30  INFO 23244 --- [billing-payment-service] [restartedMain] [                                                 ] com.netflix.discovery.DiscoveryClient    : Registered Applications size is zero : true
2025-08-31T13:08:49.009+05:30  INFO 23244 --- [billing-payment-service] [restartedMain] [                                                 ] com.netflix.discovery.DiscoveryClient    : Application version is -1: true
2025-08-31T13:08:49.009+05:30  INFO 23244 --- [billing-payment-service] [restartedMain] [                                                 ] com.netflix.discovery.DiscoveryClient    : Getting all instance registry info from the eureka server
2025-08-31T13:08:49.042+05:30  INFO 23244 --- [billing-payment-service] [restartedMain] [                                                 ] com.netflix.discovery.DiscoveryClient    : The response status is 200
2025-08-31T13:08:49.042+05:30  INFO 23244 --- [billing-payment-service] [restartedMain] [                                                 ] com.netflix.discovery.DiscoveryClient    : Starting heartbeat executor: renew interval is: 30
2025-08-31T13:08:49.043+05:30  INFO 23244 --- [billing-payment-service] [restartedMain] [                                                 ] c.n.discovery.InstanceInfoReplicator     : InstanceInfoReplicator onDemand update allowed rate per min is 4
2025-08-31T13:08:49.043+05:30  INFO 23244 --- [billing-payment-service] [restartedMain] [                                                 ] com.netflix.discovery.DiscoveryClient    : Discovery Client initialized at timestamp 1756625929043 with initial instances count: 7
2025-08-31T13:08:49.053+05:30  INFO 23244 --- [billing-payment-service] [restartedMain] [                                                 ] o.s.c.n.e.s.EurekaServiceRegistry        : Registering application BILLING-PAYMENT-SERVICE with eureka with status UP
2025-08-31T13:08:49.054+05:30  INFO 23244 --- [billing-payment-service] [restartedMain] [                                                 ] com.netflix.discovery.DiscoveryClient    : Saw local status change event StatusChangeEvent [timestamp=1756625929054, current=UP, previous=STARTING]
2025-08-31T13:08:49.054+05:30  INFO 23244 --- [billing-payment-service] [DiscoveryClient-InstanceInfoReplicator-%d] [                                                 ] com.netflix.discovery.DiscoveryClient    : DiscoveryClient_BILLING-PAYMENT-SERVICE/LAPTOP-HPLJP7AG:billing-payment-service:8085: registering service...
2025-08-31T13:08:49.057+05:30  INFO 23244 --- [billing-payment-service] [restartedMain] [                                                 ] o.s.b.w.embedded.tomcat.TomcatWebServer  : Tomcat started on port 8085 (http) with context path '/'
2025-08-31T13:08:49.065+05:30  INFO 23244 --- [billing-payment-service] [restartedMain] [                                                 ] .s.c.n.e.s.EurekaAutoServiceRegistration : Updating port to 8085
2025-08-31T13:08:49.078+05:30  INFO 23244 --- [billing-payment-service] [DiscoveryClient-InstanceInfoReplicator-%d] [                                                 ] com.netflix.discovery.DiscoveryClient    : DiscoveryClient_BILLING-PAYMENT-SERVICE/LAPTOP-HPLJP7AG:billing-payment-service:8085 - registration status: 204
2025-08-31T13:08:49.089+05:30  INFO 23244 --- [billing-payment-service] [restartedMain] [                                                 ] c.w.k.b.BillingPaymentServiceApplication : Started BillingPaymentServiceApplication in 3.511 seconds (process running for 1279.567)
2025-08-31T13:08:49.111+05:30  INFO 23244 --- [billing-payment-service] [restartedMain] [                                                 ] .ConditionEvaluationDeltaLoggingListener : Condition evaluation unchanged
2025-08-31T13:13:49.011+05:30  INFO 23244 --- [billing-payment-service] [AsyncResolver-bootstrap-executor-%d] [                                                 ] c.n.d.s.r.aws.ConfigClusterResolver      : Resolving eureka endpoints via configuration
2025-08-31T13:18:49.021+05:30  INFO 23244 --- [billing-payment-service] [AsyncResolver-bootstrap-executor-%d] [                                                 ] c.n.d.s.r.aws.ConfigClusterResolver      : Resolving eureka endpoints via configuration
2025-08-31T13:19:43.061+05:30  INFO 23244 --- [billing-payment-service] [RMI TCP Connection(48)-127.0.0.1] [                                                 ] inMXBeanRegistrar$SpringApplicationAdmin : Application shutdown requested.
2025-08-31T13:19:43.062+05:30  INFO 23244 --- [billing-payment-service] [RMI TCP Connection(48)-127.0.0.1] [                                                 ] o.s.c.n.e.s.EurekaServiceRegistry        : Unregistering application BILLING-PAYMENT-SERVICE with eureka with status DOWN
2025-08-31T13:19:43.063+05:30  INFO 23244 --- [billing-payment-service] [RMI TCP Connection(48)-127.0.0.1] [                                                 ] com.netflix.discovery.DiscoveryClient    : Saw local status change event StatusChangeEvent [timestamp=1756626583063, current=DOWN, previous=UP]
2025-08-31T13:19:43.063+05:30  INFO 23244 --- [billing-payment-service] [DiscoveryClient-InstanceInfoReplicator-%d] [                                                 ] com.netflix.discovery.DiscoveryClient    : DiscoveryClient_BILLING-PAYMENT-SERVICE/LAPTOP-HPLJP7AG:billing-payment-service:8085: registering service...
2025-08-31T13:19:43.064+05:30  INFO 23244 --- [billing-payment-service] [RMI TCP Connection(48)-127.0.0.1] [                                                 ] o.s.b.w.e.tomcat.GracefulShutdown        : Commencing graceful shutdown. Waiting for active requests to complete
2025-08-31T13:19:43.071+05:30  INFO 23244 --- [billing-payment-service] [DiscoveryClient-InstanceInfoReplicator-%d] [                                                 ] com.netflix.discovery.DiscoveryClient    : DiscoveryClient_BILLING-PAYMENT-SERVICE/LAPTOP-HPLJP7AG:billing-payment-service:8085 - registration status: 204
2025-08-31T13:19:43.073+05:30  INFO 23244 --- [billing-payment-service] [tomcat-shutdown] [                                                 ] o.s.b.w.e.tomcat.GracefulShutdown        : Graceful shutdown complete
2025-08-31T13:19:43.078+05:30  INFO 23244 --- [billing-payment-service] [RMI TCP Connection(48)-127.0.0.1] [                                                 ] j.LocalContainerEntityManagerFactoryBean : Closing JPA EntityManagerFactory for persistence unit 'default'
2025-08-31T13:19:43.079+05:30  INFO 23244 --- [billing-payment-service] [RMI TCP Connection(48)-127.0.0.1] [                                                 ] com.zaxxer.hikari.HikariDataSource       : HikariPool-2 - Shutdown initiated...
2025-08-31T13:19:43.081+05:30  INFO 23244 --- [billing-payment-service] [RMI TCP Connection(48)-127.0.0.1] [                                                 ] com.zaxxer.hikari.HikariDataSource       : HikariPool-2 - Shutdown completed.
2025-08-31T13:19:43.427+05:30  INFO 23244 --- [billing-payment-service] [RMI TCP Connection(48)-127.0.0.1] [                                                 ] com.netflix.discovery.DiscoveryClient    : Shutting down DiscoveryClient ...
2025-08-31T13:19:46.431+05:30  INFO 23244 --- [billing-payment-service] [RMI TCP Connection(48)-127.0.0.1] [                                                 ] com.netflix.discovery.DiscoveryClient    : Unregistering ...
2025-08-31T13:19:46.436+05:30  INFO 23244 --- [billing-payment-service] [RMI TCP Connection(48)-127.0.0.1] [                                                 ] com.netflix.discovery.DiscoveryClient    : DiscoveryClient_BILLING-PAYMENT-SERVICE/LAPTOP-HPLJP7AG:billing-payment-service:8085 - deregister  status: 200
2025-08-31T13:19:46.436+05:30  INFO 23244 --- [billing-payment-service] [RMI TCP Connection(48)-127.0.0.1] [                                                 ] com.netflix.discovery.DiscoveryClient    : Completed shut down of DiscoveryClient
2025-08-31T13:37:47.888+05:30  INFO 9460 --- [billing-payment-service] [restartedMain] [                                                 ] c.w.k.b.BillingPaymentServiceApplication : Starting BillingPaymentServiceApplication using Java 21.0.7 with PID 9460 (C:\sts-4.31.0.RELEASE\MiniProject1\billing-payment-service\target\classes started by Komal in C:\sts-4.31.0.RELEASE\MiniProject1\billing-payment-service)
2025-08-31T13:37:47.892+05:30  INFO 9460 --- [billing-payment-service] [restartedMain] [                                                 ] c.w.k.b.BillingPaymentServiceApplication : No active profile set, falling back to 1 default profile: "default"
2025-08-31T13:37:47.946+05:30  INFO 9460 --- [billing-payment-service] [restartedMain] [                                                 ] o.s.c.c.c.ConfigServerConfigDataLoader   : Fetching config from server at : http://localhost:9092
2025-08-31T13:37:47.946+05:30  INFO 9460 --- [billing-payment-service] [restartedMain] [                                                 ] o.s.c.c.c.ConfigServerConfigDataLoader   : Located environment: name=billing-payment-service, profiles=[default], label=null, version=793ed0c096cee40cfc4d43364491e1f98fde61bf, state=
2025-08-31T13:37:47.948+05:30  INFO 9460 --- [billing-payment-service] [restartedMain] [                                                 ] .e.DevToolsPropertyDefaultsPostProcessor : Devtools property defaults active! Set 'spring.devtools.add-properties' to 'false' to disable
2025-08-31T13:37:47.949+05:30  INFO 9460 --- [billing-payment-service] [restartedMain] [                                                 ] .e.DevToolsPropertyDefaultsPostProcessor : For additional web related logging consider setting the 'logging.level.web' property to 'DEBUG'
2025-08-31T13:37:49.018+05:30  INFO 9460 --- [billing-payment-service] [restartedMain] [                                                 ] .s.d.r.c.RepositoryConfigurationDelegate : Bootstrapping Spring Data JPA repositories in DEFAULT mode.
2025-08-31T13:37:49.114+05:30  INFO 9460 --- [billing-payment-service] [restartedMain] [                                                 ] .s.d.r.c.RepositoryConfigurationDelegate : Finished Spring Data repository scanning in 83 ms. Found 1 JPA repository interface.
2025-08-31T13:37:49.348+05:30  INFO 9460 --- [billing-payment-service] [restartedMain] [                                                 ] o.s.cloud.context.scope.GenericScope     : BeanFactory id=9bac627c-398e-3288-80c1-8dbc08c5f29d
2025-08-31T13:37:49.951+05:30  INFO 9460 --- [billing-payment-service] [restartedMain] [                                                 ] o.s.b.w.embedded.tomcat.TomcatWebServer  : Tomcat initialized with port 8085 (http)
2025-08-31T13:37:49.962+05:30  INFO 9460 --- [billing-payment-service] [restartedMain] [                                                 ] o.apache.catalina.core.StandardService   : Starting service [Tomcat]
2025-08-31T13:37:49.963+05:30  INFO 9460 --- [billing-payment-service] [restartedMain] [                                                 ] o.apache.catalina.core.StandardEngine    : Starting Servlet engine: [Apache Tomcat/10.1.43]
2025-08-31T13:37:50.007+05:30  INFO 9460 --- [billing-payment-service] [restartedMain] [                                                 ] o.a.c.c.C.[Tomcat].[localhost].[/]       : Initializing Spring embedded WebApplicationContext
2025-08-31T13:37:50.007+05:30  INFO 9460 --- [billing-payment-service] [restartedMain] [                                                 ] w.s.c.ServletWebServerApplicationContext : Root WebApplicationContext: initialization completed in 2058 ms
2025-08-31T13:37:50.621+05:30  INFO 9460 --- [billing-payment-service] [restartedMain] [                                                 ] o.hibernate.jpa.internal.util.LogHelper  : HHH000204: Processing PersistenceUnitInfo [name: default]
2025-08-31T13:37:50.655+05:30  INFO 9460 --- [billing-payment-service] [restartedMain] [                                                 ] org.hibernate.Version                    : HHH000412: Hibernate ORM core version 6.6.22.Final
2025-08-31T13:37:50.679+05:30  INFO 9460 --- [billing-payment-service] [restartedMain] [                                                 ] o.h.c.internal.RegionFactoryInitiator    : HHH000026: Second-level cache disabled
2025-08-31T13:37:50.861+05:30  INFO 9460 --- [billing-payment-service] [restartedMain] [                                                 ] o.s.o.j.p.SpringPersistenceUnitInfo      : No LoadTimeWeaver setup: ignoring JPA class transformer
2025-08-31T13:37:50.896+05:30  INFO 9460 --- [billing-payment-service] [restartedMain] [                                                 ] com.zaxxer.hikari.HikariDataSource       : HikariPool-1 - Starting...
2025-08-31T13:37:51.018+05:30  INFO 9460 --- [billing-payment-service] [restartedMain] [                                                 ] com.zaxxer.hikari.pool.HikariPool        : HikariPool-1 - Added connection com.mysql.cj.jdbc.ConnectionImpl@11dfa11a
2025-08-31T13:37:51.020+05:30  INFO 9460 --- [billing-payment-service] [restartedMain] [                                                 ] com.zaxxer.hikari.HikariDataSource       : HikariPool-1 - Start completed.
2025-08-31T13:37:51.057+05:30  WARN 9460 --- [billing-payment-service] [restartedMain] [                                                 ] org.hibernate.orm.deprecation            : HHH90000025: MySQLDialect does not need to be specified explicitly using 'hibernate.dialect' (remove the property setting and it will be selected by default)
2025-08-31T13:37:51.069+05:30  INFO 9460 --- [billing-payment-service] [restartedMain] [                                                 ] org.hibernate.orm.connections.pooling    : HHH10001005: Database info:
	Database JDBC URL [Connecting through datasource 'HikariDataSource (HikariPool-1)']
	Database driver: undefined/unknown
	Database version: 8.0.41
	Autocommit mode: undefined/unknown
	Isolation level: undefined/unknown
	Minimum pool size: undefined/unknown
	Maximum pool size: undefined/unknown
2025-08-31T13:37:51.610+05:30  INFO 9460 --- [billing-payment-service] [restartedMain] [                                                 ] o.h.e.t.j.p.i.JtaPlatformInitiator       : HHH000489: No JTA platform available (set 'hibernate.transaction.jta.platform' to enable JTA platform integration)
2025-08-31T13:37:51.651+05:30  INFO 9460 --- [billing-payment-service] [restartedMain] [                                                 ] j.LocalContainerEntityManagerFactoryBean : Initialized JPA EntityManagerFactory for persistence unit 'default'
2025-08-31T13:37:52.055+05:30  WARN 9460 --- [billing-payment-service] [restartedMain] [                                                 ] JpaBaseConfiguration$JpaWebConfiguration : spring.jpa.open-in-view is enabled by default. Therefore, database queries may be performed during view rendering. Explicitly configure spring.jpa.open-in-view to disable this warning
2025-08-31T13:37:52.152+05:30  WARN 9460 --- [billing-payment-service] [restartedMain] [                                                 ] o.s.b.d.a.OptionalLiveReloadServer       : Unable to start LiveReload server
2025-08-31T13:37:52.205+05:30  INFO 9460 --- [billing-payment-service] [restartedMain] [                                                 ] o.s.c.openfeign.FeignClientFactoryBean   : For 'patient-service' URL not provided. Will try picking an instance via load-balancing.
2025-08-31T13:37:52.268+05:30  INFO 9460 --- [billing-payment-service] [restartedMain] [                                                 ] o.s.c.openfeign.FeignClientFactoryBean   : For 'appointment-service' URL not provided. Will try picking an instance via load-balancing.
2025-08-31T13:37:53.810+05:30  INFO 9460 --- [billing-payment-service] [restartedMain] [                                                 ] DiscoveryClientOptionalArgsConfiguration : Eureka HTTP Client uses RestTemplate.
2025-08-31T13:37:53.860+05:30  WARN 9460 --- [billing-payment-service] [restartedMain] [                                                 ] iguration$LoadBalancerCaffeineWarnLogger : Spring Cloud LoadBalancer is currently working with the default cache. While this cache implementation is useful for development and tests, it's recommended to use Caffeine cache in production.You can switch to using Caffeine cache, by adding it and org.springframework.cache.caffeine.CaffeineCacheManager to the classpath.
2025-08-31T13:37:53.880+05:30  INFO 9460 --- [billing-payment-service] [restartedMain] [                                                 ] o.s.b.a.e.web.EndpointLinksResolver      : Exposing 28 endpoints beneath base path '/actuator'
2025-08-31T13:37:53.998+05:30  INFO 9460 --- [billing-payment-service] [restartedMain] [                                                 ] o.s.c.n.eureka.InstanceInfoFactory       : Setting initial instance status as: STARTING
2025-08-31T13:37:54.020+05:30  INFO 9460 --- [billing-payment-service] [restartedMain] [                                                 ] com.netflix.discovery.DiscoveryClient    : Initializing Eureka in region us-east-1
2025-08-31T13:37:54.024+05:30  INFO 9460 --- [billing-payment-service] [restartedMain] [                                                 ] c.n.d.s.r.aws.ConfigClusterResolver      : Resolving eureka endpoints via configuration
2025-08-31T13:37:54.032+05:30  INFO 9460 --- [billing-payment-service] [restartedMain] [                                                 ] com.netflix.discovery.DiscoveryClient    : Disable delta property : false
2025-08-31T13:37:54.032+05:30  INFO 9460 --- [billing-payment-service] [restartedMain] [                                                 ] com.netflix.discovery.DiscoveryClient    : Single vip registry refresh property : null
2025-08-31T13:37:54.032+05:30  INFO 9460 --- [billing-payment-service] [restartedMain] [                                                 ] com.netflix.discovery.DiscoveryClient    : Force full registry fetch : false
2025-08-31T13:37:54.033+05:30  INFO 9460 --- [billing-payment-service] [restartedMain] [                                                 ] com.netflix.discovery.DiscoveryClient    : Application is null : false
2025-08-31T13:37:54.033+05:30  INFO 9460 --- [billing-payment-service] [restartedMain] [                                                 ] com.netflix.discovery.DiscoveryClient    : Registered Applications size is zero : true
2025-08-31T13:37:54.033+05:30  INFO 9460 --- [billing-payment-service] [restartedMain] [                                                 ] com.netflix.discovery.DiscoveryClient    : Application version is -1: true
2025-08-31T13:37:54.033+05:30  INFO 9460 --- [billing-payment-service] [restartedMain] [                                                 ] com.netflix.discovery.DiscoveryClient    : Getting all instance registry info from the eureka server
2025-08-31T13:37:54.215+05:30  INFO 9460 --- [billing-payment-service] [restartedMain] [                                                 ] com.netflix.discovery.DiscoveryClient    : The response status is 200
2025-08-31T13:37:54.217+05:30  INFO 9460 --- [billing-payment-service] [restartedMain] [                                                 ] com.netflix.discovery.DiscoveryClient    : Starting heartbeat executor: renew interval is: 30
2025-08-31T13:37:54.220+05:30  INFO 9460 --- [billing-payment-service] [restartedMain] [                                                 ] c.n.discovery.InstanceInfoReplicator     : InstanceInfoReplicator onDemand update allowed rate per min is 4
2025-08-31T13:37:54.221+05:30  INFO 9460 --- [billing-payment-service] [restartedMain] [                                                 ] com.netflix.discovery.DiscoveryClient    : Discovery Client initialized at timestamp 1756627674221 with initial instances count: 2
2025-08-31T13:37:54.245+05:30  INFO 9460 --- [billing-payment-service] [restartedMain] [                                                 ] o.s.c.n.e.s.EurekaServiceRegistry        : Registering application BILLING-PAYMENT-SERVICE with eureka with status UP
2025-08-31T13:37:54.245+05:30  INFO 9460 --- [billing-payment-service] [restartedMain] [                                                 ] com.netflix.discovery.DiscoveryClient    : Saw local status change event StatusChangeEvent [timestamp=1756627674245, current=UP, previous=STARTING]
2025-08-31T13:37:54.248+05:30  INFO 9460 --- [billing-payment-service] [DiscoveryClient-InstanceInfoReplicator-%d] [                                                 ] com.netflix.discovery.DiscoveryClient    : DiscoveryClient_BILLING-PAYMENT-SERVICE/LAPTOP-HPLJP7AG:billing-payment-service:8085: registering service...
2025-08-31T13:37:54.261+05:30  INFO 9460 --- [billing-payment-service] [restartedMain] [                                                 ] o.s.b.w.embedded.tomcat.TomcatWebServer  : Tomcat started on port 8085 (http) with context path '/'
2025-08-31T13:37:54.262+05:30  INFO 9460 --- [billing-payment-service] [restartedMain] [                                                 ] .s.c.n.e.s.EurekaAutoServiceRegistration : Updating port to 8085
2025-08-31T13:37:54.277+05:30  INFO 9460 --- [billing-payment-service] [restartedMain] [                                                 ] c.w.k.b.BillingPaymentServiceApplication : Started BillingPaymentServiceApplication in 7.611 seconds (process running for 8.266)
2025-08-31T13:37:54.286+05:30  INFO 9460 --- [billing-payment-service] [DiscoveryClient-InstanceInfoReplicator-%d] [                                                 ] com.netflix.discovery.DiscoveryClient    : DiscoveryClient_BILLING-PAYMENT-SERVICE/LAPTOP-HPLJP7AG:billing-payment-service:8085 - registration status: 204
2025-08-31T13:37:54.468+05:30  INFO 9460 --- [billing-payment-service] [RMI TCP Connection(6)-127.0.0.1] [                                                 ] o.a.c.c.C.[Tomcat].[localhost].[/]       : Initializing Spring DispatcherServlet 'dispatcherServlet'
2025-08-31T13:37:54.468+05:30  INFO 9460 --- [billing-payment-service] [RMI TCP Connection(6)-127.0.0.1] [                                                 ] o.s.web.servlet.DispatcherServlet        : Initializing Servlet 'dispatcherServlet'
2025-08-31T13:37:54.470+05:30  INFO 9460 --- [billing-payment-service] [RMI TCP Connection(6)-127.0.0.1] [                                                 ] o.s.web.servlet.DispatcherServlet        : Completed initialization in 2 ms
2025-08-31T13:42:54.036+05:30  INFO 9460 --- [billing-payment-service] [AsyncResolver-bootstrap-executor-%d] [                                                 ] c.n.d.s.r.aws.ConfigClusterResolver      : Resolving eureka endpoints via configuration
2025-08-31T13:47:54.051+05:30  INFO 9460 --- [billing-payment-service] [AsyncResolver-bootstrap-executor-%d] [                                                 ] c.n.d.s.r.aws.ConfigClusterResolver      : Resolving eureka endpoints via configuration
2025-08-31T13:52:54.054+05:30  INFO 9460 --- [billing-payment-service] [AsyncResolver-bootstrap-executor-%d] [                                                 ] c.n.d.s.r.aws.ConfigClusterResolver      : Resolving eureka endpoints via configuration
2025-08-31T13:57:54.058+05:30  INFO 9460 --- [billing-payment-service] [AsyncResolver-bootstrap-executor-%d] [                                                 ] c.n.d.s.r.aws.ConfigClusterResolver      : Resolving eureka endpoints via configuration
2025-08-31T14:01:15.063+05:30  INFO 9460 --- [billing-payment-service] [RMI TCP Connection(36)-127.0.0.1] [                                                 ] inMXBeanRegistrar$SpringApplicationAdmin : Application shutdown requested.
2025-08-31T14:01:15.063+05:30  INFO 9460 --- [billing-payment-service] [RMI TCP Connection(36)-127.0.0.1] [                                                 ] o.s.c.n.e.s.EurekaServiceRegistry        : Unregistering application BILLING-PAYMENT-SERVICE with eureka with status DOWN
2025-08-31T14:01:15.064+05:30  INFO 9460 --- [billing-payment-service] [RMI TCP Connection(36)-127.0.0.1] [                                                 ] com.netflix.discovery.DiscoveryClient    : Saw local status change event StatusChangeEvent [timestamp=1756629075064, current=DOWN, previous=UP]
2025-08-31T14:01:15.064+05:30  INFO 9460 --- [billing-payment-service] [DiscoveryClient-InstanceInfoReplicator-%d] [                                                 ] com.netflix.discovery.DiscoveryClient    : DiscoveryClient_BILLING-PAYMENT-SERVICE/LAPTOP-HPLJP7AG:billing-payment-service:8085: registering service...
2025-08-31T14:01:15.066+05:30  INFO 9460 --- [billing-payment-service] [RMI TCP Connection(36)-127.0.0.1] [                                                 ] o.s.b.w.e.tomcat.GracefulShutdown        : Commencing graceful shutdown. Waiting for active requests to complete
2025-08-31T14:01:15.073+05:30  INFO 9460 --- [billing-payment-service] [tomcat-shutdown] [                                                 ] o.s.b.w.e.tomcat.GracefulShutdown        : Graceful shutdown complete
2025-08-31T14:01:15.075+05:30  INFO 9460 --- [billing-payment-service] [DiscoveryClient-InstanceInfoReplicator-%d] [                                                 ] com.netflix.discovery.DiscoveryClient    : DiscoveryClient_BILLING-PAYMENT-SERVICE/LAPTOP-HPLJP7AG:billing-payment-service:8085 - registration status: 204
2025-08-31T14:01:15.082+05:30  INFO 9460 --- [billing-payment-service] [RMI TCP Connection(36)-127.0.0.1] [                                                 ] j.LocalContainerEntityManagerFactoryBean : Closing JPA EntityManagerFactory for persistence unit 'default'
2025-08-31T14:01:15.085+05:30  INFO 9460 --- [billing-payment-service] [RMI TCP Connection(36)-127.0.0.1] [                                                 ] com.zaxxer.hikari.HikariDataSource       : HikariPool-1 - Shutdown initiated...
2025-08-31T14:01:15.089+05:30  INFO 9460 --- [billing-payment-service] [RMI TCP Connection(36)-127.0.0.1] [                                                 ] com.zaxxer.hikari.HikariDataSource       : HikariPool-1 - Shutdown completed.
2025-08-31T14:01:15.949+05:30  INFO 9460 --- [billing-payment-service] [RMI TCP Connection(36)-127.0.0.1] [                                                 ] com.netflix.discovery.DiscoveryClient    : Shutting down DiscoveryClient ...
2025-08-31T14:01:18.950+05:30  INFO 9460 --- [billing-payment-service] [RMI TCP Connection(36)-127.0.0.1] [                                                 ] com.netflix.discovery.DiscoveryClient    : Unregistering ...
2025-08-31T14:01:18.959+05:30  INFO 9460 --- [billing-payment-service] [RMI TCP Connection(36)-127.0.0.1] [                                                 ] com.netflix.discovery.DiscoveryClient    : DiscoveryClient_BILLING-PAYMENT-SERVICE/LAPTOP-HPLJP7AG:billing-payment-service:8085 - deregister  status: 200
2025-08-31T14:01:18.960+05:30  INFO 9460 --- [billing-payment-service] [RMI TCP Connection(36)-127.0.0.1] [                                                 ] com.netflix.discovery.DiscoveryClient    : Completed shut down of DiscoveryClient
2025-08-31T14:53:34.091+05:30  INFO 24428 --- [billing-payment-service] [restartedMain] [                                                 ] c.w.k.b.BillingPaymentServiceApplication : Starting BillingPaymentServiceApplication using Java 21.0.7 with PID 24428 (C:\sts-4.31.0.RELEASE\MiniProject1\billing-payment-service\target\classes started by Komal in C:\sts-4.31.0.RELEASE\MiniProject1\billing-payment-service)
2025-08-31T14:53:34.093+05:30  INFO 24428 --- [billing-payment-service] [restartedMain] [                                                 ] c.w.k.b.BillingPaymentServiceApplication : No active profile set, falling back to 1 default profile: "default"
2025-08-31T14:53:34.139+05:30  INFO 24428 --- [billing-payment-service] [restartedMain] [                                                 ] o.s.c.c.c.ConfigServerConfigDataLoader   : Fetching config from server at : http://localhost:9092
2025-08-31T14:53:34.139+05:30  INFO 24428 --- [billing-payment-service] [restartedMain] [                                                 ] o.s.c.c.c.ConfigServerConfigDataLoader   : Located environment: name=billing-payment-service, profiles=[default], label=null, version=793ed0c096cee40cfc4d43364491e1f98fde61bf, state=
2025-08-31T14:53:34.141+05:30  INFO 24428 --- [billing-payment-service] [restartedMain] [                                                 ] .e.DevToolsPropertyDefaultsPostProcessor : Devtools property defaults active! Set 'spring.devtools.add-properties' to 'false' to disable
2025-08-31T14:53:34.141+05:30  INFO 24428 --- [billing-payment-service] [restartedMain] [                                                 ] .e.DevToolsPropertyDefaultsPostProcessor : For additional web related logging consider setting the 'logging.level.web' property to 'DEBUG'
2025-08-31T14:53:35.091+05:30  INFO 24428 --- [billing-payment-service] [restartedMain] [                                                 ] .s.d.r.c.RepositoryConfigurationDelegate : Bootstrapping Spring Data JPA repositories in DEFAULT mode.
2025-08-31T14:53:35.198+05:30  INFO 24428 --- [billing-payment-service] [restartedMain] [                                                 ] .s.d.r.c.RepositoryConfigurationDelegate : Finished Spring Data repository scanning in 100 ms. Found 1 JPA repository interface.
2025-08-31T14:53:35.425+05:30  INFO 24428 --- [billing-payment-service] [restartedMain] [                                                 ] o.s.cloud.context.scope.GenericScope     : BeanFactory id=9bac627c-398e-3288-80c1-8dbc08c5f29d
2025-08-31T14:53:36.024+05:30  INFO 24428 --- [billing-payment-service] [restartedMain] [                                                 ] o.s.b.w.embedded.tomcat.TomcatWebServer  : Tomcat initialized with port 8085 (http)
2025-08-31T14:53:36.035+05:30  INFO 24428 --- [billing-payment-service] [restartedMain] [                                                 ] o.apache.catalina.core.StandardService   : Starting service [Tomcat]
2025-08-31T14:53:36.035+05:30  INFO 24428 --- [billing-payment-service] [restartedMain] [                                                 ] o.apache.catalina.core.StandardEngine    : Starting Servlet engine: [Apache Tomcat/10.1.43]
2025-08-31T14:53:36.083+05:30  INFO 24428 --- [billing-payment-service] [restartedMain] [                                                 ] o.a.c.c.C.[Tomcat].[localhost].[/]       : Initializing Spring embedded WebApplicationContext
2025-08-31T14:53:36.083+05:30  INFO 24428 --- [billing-payment-service] [restartedMain] [                                                 ] w.s.c.ServletWebServerApplicationContext : Root WebApplicationContext: initialization completed in 1941 ms
2025-08-31T14:53:36.686+05:30  INFO 24428 --- [billing-payment-service] [restartedMain] [                                                 ] o.hibernate.jpa.internal.util.LogHelper  : HHH000204: Processing PersistenceUnitInfo [name: default]
2025-08-31T14:53:36.720+05:30  INFO 24428 --- [billing-payment-service] [restartedMain] [                                                 ] org.hibernate.Version                    : HHH000412: Hibernate ORM core version 6.6.22.Final
2025-08-31T14:53:36.742+05:30  INFO 24428 --- [billing-payment-service] [restartedMain] [                                                 ] o.h.c.internal.RegionFactoryInitiator    : HHH000026: Second-level cache disabled
2025-08-31T14:53:36.909+05:30  INFO 24428 --- [billing-payment-service] [restartedMain] [                                                 ] o.s.o.j.p.SpringPersistenceUnitInfo      : No LoadTimeWeaver setup: ignoring JPA class transformer
2025-08-31T14:53:36.931+05:30  INFO 24428 --- [billing-payment-service] [restartedMain] [                                                 ] com.zaxxer.hikari.HikariDataSource       : HikariPool-1 - Starting...
2025-08-31T14:53:37.069+05:30  INFO 24428 --- [billing-payment-service] [restartedMain] [                                                 ] com.zaxxer.hikari.pool.HikariPool        : HikariPool-1 - Added connection com.mysql.cj.jdbc.ConnectionImpl@2e50786f
2025-08-31T14:53:37.070+05:30  INFO 24428 --- [billing-payment-service] [restartedMain] [                                                 ] com.zaxxer.hikari.HikariDataSource       : HikariPool-1 - Start completed.
2025-08-31T14:53:37.104+05:30  WARN 24428 --- [billing-payment-service] [restartedMain] [                                                 ] org.hibernate.orm.deprecation            : HHH90000025: MySQLDialect does not need to be specified explicitly using 'hibernate.dialect' (remove the property setting and it will be selected by default)
2025-08-31T14:53:37.115+05:30  INFO 24428 --- [billing-payment-service] [restartedMain] [                                                 ] org.hibernate.orm.connections.pooling    : HHH10001005: Database info:
	Database JDBC URL [Connecting through datasource 'HikariDataSource (HikariPool-1)']
	Database driver: undefined/unknown
	Database version: 8.0.41
	Autocommit mode: undefined/unknown
	Isolation level: undefined/unknown
	Minimum pool size: undefined/unknown
	Maximum pool size: undefined/unknown
2025-08-31T14:53:37.644+05:30  INFO 24428 --- [billing-payment-service] [restartedMain] [                                                 ] o.h.e.t.j.p.i.JtaPlatformInitiator       : HHH000489: No JTA platform available (set 'hibernate.transaction.jta.platform' to enable JTA platform integration)
2025-08-31T14:53:37.682+05:30  INFO 24428 --- [billing-payment-service] [restartedMain] [                                                 ] j.LocalContainerEntityManagerFactoryBean : Initialized JPA EntityManagerFactory for persistence unit 'default'
2025-08-31T14:53:38.097+05:30  WARN 24428 --- [billing-payment-service] [restartedMain] [                                                 ] JpaBaseConfiguration$JpaWebConfiguration : spring.jpa.open-in-view is enabled by default. Therefore, database queries may be performed during view rendering. Explicitly configure spring.jpa.open-in-view to disable this warning
2025-08-31T14:53:38.194+05:30  WARN 24428 --- [billing-payment-service] [restartedMain] [                                                 ] o.s.b.d.a.OptionalLiveReloadServer       : Unable to start LiveReload server
2025-08-31T14:53:38.246+05:30  INFO 24428 --- [billing-payment-service] [restartedMain] [                                                 ] o.s.c.openfeign.FeignClientFactoryBean   : For 'patient-service' URL not provided. Will try picking an instance via load-balancing.
2025-08-31T14:53:38.312+05:30  INFO 24428 --- [billing-payment-service] [restartedMain] [                                                 ] o.s.c.openfeign.FeignClientFactoryBean   : For 'appointment-service' URL not provided. Will try picking an instance via load-balancing.
2025-08-31T14:53:39.802+05:30  INFO 24428 --- [billing-payment-service] [restartedMain] [                                                 ] DiscoveryClientOptionalArgsConfiguration : Eureka HTTP Client uses RestTemplate.
2025-08-31T14:53:39.854+05:30  WARN 24428 --- [billing-payment-service] [restartedMain] [                                                 ] iguration$LoadBalancerCaffeineWarnLogger : Spring Cloud LoadBalancer is currently working with the default cache. While this cache implementation is useful for development and tests, it's recommended to use Caffeine cache in production.You can switch to using Caffeine cache, by adding it and org.springframework.cache.caffeine.CaffeineCacheManager to the classpath.
2025-08-31T14:53:39.878+05:30  INFO 24428 --- [billing-payment-service] [restartedMain] [                                                 ] o.s.b.a.e.web.EndpointLinksResolver      : Exposing 28 endpoints beneath base path '/actuator'
2025-08-31T14:53:39.972+05:30  INFO 24428 --- [billing-payment-service] [restartedMain] [                                                 ] o.s.c.n.eureka.InstanceInfoFactory       : Setting initial instance status as: STARTING
2025-08-31T14:53:39.994+05:30  INFO 24428 --- [billing-payment-service] [restartedMain] [                                                 ] com.netflix.discovery.DiscoveryClient    : Initializing Eureka in region us-east-1
2025-08-31T14:53:39.999+05:30  INFO 24428 --- [billing-payment-service] [restartedMain] [                                                 ] c.n.d.s.r.aws.ConfigClusterResolver      : Resolving eureka endpoints via configuration
2025-08-31T14:53:40.008+05:30  INFO 24428 --- [billing-payment-service] [restartedMain] [                                                 ] com.netflix.discovery.DiscoveryClient    : Disable delta property : false
2025-08-31T14:53:40.008+05:30  INFO 24428 --- [billing-payment-service] [restartedMain] [                                                 ] com.netflix.discovery.DiscoveryClient    : Single vip registry refresh property : null
2025-08-31T14:53:40.008+05:30  INFO 24428 --- [billing-payment-service] [restartedMain] [                                                 ] com.netflix.discovery.DiscoveryClient    : Force full registry fetch : false
2025-08-31T14:53:40.008+05:30  INFO 24428 --- [billing-payment-service] [restartedMain] [                                                 ] com.netflix.discovery.DiscoveryClient    : Application is null : false
2025-08-31T14:53:40.008+05:30  INFO 24428 --- [billing-payment-service] [restartedMain] [                                                 ] com.netflix.discovery.DiscoveryClient    : Registered Applications size is zero : true
2025-08-31T14:53:40.008+05:30  INFO 24428 --- [billing-payment-service] [restartedMain] [                                                 ] com.netflix.discovery.DiscoveryClient    : Application version is -1: true
2025-08-31T14:53:40.009+05:30  INFO 24428 --- [billing-payment-service] [restartedMain] [                                                 ] com.netflix.discovery.DiscoveryClient    : Getting all instance registry info from the eureka server
2025-08-31T14:53:40.182+05:30  INFO 24428 --- [billing-payment-service] [restartedMain] [                                                 ] com.netflix.discovery.DiscoveryClient    : The response status is 200
2025-08-31T14:53:40.183+05:30  INFO 24428 --- [billing-payment-service] [restartedMain] [                                                 ] com.netflix.discovery.DiscoveryClient    : Starting heartbeat executor: renew interval is: 30
2025-08-31T14:53:40.185+05:30  INFO 24428 --- [billing-payment-service] [restartedMain] [                                                 ] c.n.discovery.InstanceInfoReplicator     : InstanceInfoReplicator onDemand update allowed rate per min is 4
2025-08-31T14:53:40.186+05:30  INFO 24428 --- [billing-payment-service] [restartedMain] [                                                 ] com.netflix.discovery.DiscoveryClient    : Discovery Client initialized at timestamp 1756632220186 with initial instances count: 3
2025-08-31T14:53:40.198+05:30  INFO 24428 --- [billing-payment-service] [restartedMain] [                                                 ] o.s.c.n.e.s.EurekaServiceRegistry        : Registering application BILLING-PAYMENT-SERVICE with eureka with status UP
2025-08-31T14:53:40.198+05:30  INFO 24428 --- [billing-payment-service] [restartedMain] [                                                 ] com.netflix.discovery.DiscoveryClient    : Saw local status change event StatusChangeEvent [timestamp=1756632220198, current=UP, previous=STARTING]
2025-08-31T14:53:40.199+05:30  INFO 24428 --- [billing-payment-service] [DiscoveryClient-InstanceInfoReplicator-%d] [                                                 ] com.netflix.discovery.DiscoveryClient    : DiscoveryClient_BILLING-PAYMENT-SERVICE/LAPTOP-HPLJP7AG:billing-payment-service:8085: registering service...
2025-08-31T14:53:40.210+05:30  INFO 24428 --- [billing-payment-service] [restartedMain] [                                                 ] o.s.b.w.embedded.tomcat.TomcatWebServer  : Tomcat started on port 8085 (http) with context path '/'
2025-08-31T14:53:40.212+05:30  INFO 24428 --- [billing-payment-service] [restartedMain] [                                                 ] .s.c.n.e.s.EurekaAutoServiceRegistration : Updating port to 8085
2025-08-31T14:53:40.227+05:30  INFO 24428 --- [billing-payment-service] [restartedMain] [                                                 ] c.w.k.b.BillingPaymentServiceApplication : Started BillingPaymentServiceApplication in 7.286 seconds (process running for 7.929)
2025-08-31T14:53:40.234+05:30  INFO 24428 --- [billing-payment-service] [DiscoveryClient-InstanceInfoReplicator-%d] [                                                 ] com.netflix.discovery.DiscoveryClient    : DiscoveryClient_BILLING-PAYMENT-SERVICE/LAPTOP-HPLJP7AG:billing-payment-service:8085 - registration status: 204
2025-08-31T14:53:40.735+05:30  INFO 24428 --- [billing-payment-service] [RMI TCP Connection(8)-127.0.0.1] [                                                 ] o.a.c.c.C.[Tomcat].[localhost].[/]       : Initializing Spring DispatcherServlet 'dispatcherServlet'
2025-08-31T14:53:40.735+05:30  INFO 24428 --- [billing-payment-service] [RMI TCP Connection(8)-127.0.0.1] [                                                 ] o.s.web.servlet.DispatcherServlet        : Initializing Servlet 'dispatcherServlet'
2025-08-31T14:53:40.737+05:30  INFO 24428 --- [billing-payment-service] [RMI TCP Connection(8)-127.0.0.1] [                                                 ] o.s.web.servlet.DispatcherServlet        : Completed initialization in 2 ms
2025-08-31T14:58:40.012+05:30  INFO 24428 --- [billing-payment-service] [AsyncResolver-bootstrap-executor-%d] [                                                 ] c.n.d.s.r.aws.ConfigClusterResolver      : Resolving eureka endpoints via configuration
2025-08-31T14:59:33.484+05:30  WARN 24428 --- [billing-payment-service] [http-nio-8085-exec-2] [68b415fd79d4e7bcbddd78477663583d-bddd78477663583d] .m.m.a.ExceptionHandlerExceptionResolver : Resolved [org.springframework.web.servlet.resource.NoResourceFoundException: No static resource favicon.ico.]
2025-08-31T15:03:40.024+05:30  INFO 24428 --- [billing-payment-service] [AsyncResolver-bootstrap-executor-%d] [                                                 ] c.n.d.s.r.aws.ConfigClusterResolver      : Resolving eureka endpoints via configuration
2025-08-31T15:08:40.025+05:30  INFO 24428 --- [billing-payment-service] [AsyncResolver-bootstrap-executor-%d] [                                                 ] c.n.d.s.r.aws.ConfigClusterResolver      : Resolving eureka endpoints via configuration
2025-08-31T15:13:40.032+05:30  INFO 24428 --- [billing-payment-service] [AsyncResolver-bootstrap-executor-%d] [                                                 ] c.n.d.s.r.aws.ConfigClusterResolver      : Resolving eureka endpoints via configuration
2025-08-31T15:18:40.041+05:30  INFO 24428 --- [billing-payment-service] [AsyncResolver-bootstrap-executor-%d] [                                                 ] c.n.d.s.r.aws.ConfigClusterResolver      : Resolving eureka endpoints via configuration
2025-08-31T15:23:40.047+05:30  INFO 24428 --- [billing-payment-service] [AsyncResolver-bootstrap-executor-%d] [                                                 ] c.n.d.s.r.aws.ConfigClusterResolver      : Resolving eureka endpoints via configuration
2025-08-31T15:28:40.060+05:30  INFO 24428 --- [billing-payment-service] [AsyncResolver-bootstrap-executor-%d] [                                                 ] c.n.d.s.r.aws.ConfigClusterResolver      : Resolving eureka endpoints via configuration
2025-08-31T15:30:19.388+05:30  INFO 24428 --- [billing-payment-service] [RMI TCP Connection(49)-127.0.0.1] [                                                 ] inMXBeanRegistrar$SpringApplicationAdmin : Application shutdown requested.
2025-08-31T15:30:19.391+05:30  INFO 24428 --- [billing-payment-service] [RMI TCP Connection(49)-127.0.0.1] [                                                 ] o.s.c.n.e.s.EurekaServiceRegistry        : Unregistering application BILLING-PAYMENT-SERVICE with eureka with status DOWN
2025-08-31T15:30:19.391+05:30  INFO 24428 --- [billing-payment-service] [RMI TCP Connection(49)-127.0.0.1] [                                                 ] com.netflix.discovery.DiscoveryClient    : Saw local status change event StatusChangeEvent [timestamp=1756634419391, current=DOWN, previous=UP]
2025-08-31T15:30:19.392+05:30  INFO 24428 --- [billing-payment-service] [DiscoveryClient-InstanceInfoReplicator-%d] [                                                 ] com.netflix.discovery.DiscoveryClient    : DiscoveryClient_BILLING-PAYMENT-SERVICE/LAPTOP-HPLJP7AG:billing-payment-service:8085: registering service...
2025-08-31T15:30:19.394+05:30  INFO 24428 --- [billing-payment-service] [RMI TCP Connection(49)-127.0.0.1] [                                                 ] o.s.b.w.e.tomcat.GracefulShutdown        : Commencing graceful shutdown. Waiting for active requests to complete
2025-08-31T15:30:19.400+05:30  INFO 24428 --- [billing-payment-service] [tomcat-shutdown] [                                                 ] o.s.b.w.e.tomcat.GracefulShutdown        : Graceful shutdown complete
2025-08-31T15:30:19.409+05:30  INFO 24428 --- [billing-payment-service] [RMI TCP Connection(49)-127.0.0.1] [                                                 ] j.LocalContainerEntityManagerFactoryBean : Closing JPA EntityManagerFactory for persistence unit 'default'
2025-08-31T15:30:19.412+05:30  INFO 24428 --- [billing-payment-service] [DiscoveryClient-InstanceInfoReplicator-%d] [                                                 ] com.netflix.discovery.DiscoveryClient    : DiscoveryClient_BILLING-PAYMENT-SERVICE/LAPTOP-HPLJP7AG:billing-payment-service:8085 - registration status: 204
2025-08-31T15:30:19.412+05:30  INFO 24428 --- [billing-payment-service] [RMI TCP Connection(49)-127.0.0.1] [                                                 ] com.zaxxer.hikari.HikariDataSource       : HikariPool-1 - Shutdown initiated...
2025-08-31T15:30:19.415+05:30  INFO 24428 --- [billing-payment-service] [RMI TCP Connection(49)-127.0.0.1] [                                                 ] com.zaxxer.hikari.HikariDataSource       : HikariPool-1 - Shutdown completed.
2025-08-31T15:30:19.628+05:30  INFO 24428 --- [billing-payment-service] [RMI TCP Connection(49)-127.0.0.1] [                                                 ] com.netflix.discovery.DiscoveryClient    : Shutting down DiscoveryClient ...
2025-08-31T15:30:22.642+05:30  INFO 24428 --- [billing-payment-service] [RMI TCP Connection(49)-127.0.0.1] [                                                 ] com.netflix.discovery.DiscoveryClient    : Unregistering ...
2025-08-31T15:30:22.652+05:30  INFO 24428 --- [billing-payment-service] [RMI TCP Connection(49)-127.0.0.1] [                                                 ] com.netflix.discovery.DiscoveryClient    : DiscoveryClient_BILLING-PAYMENT-SERVICE/LAPTOP-HPLJP7AG:billing-payment-service:8085 - deregister  status: 200
2025-08-31T15:30:22.652+05:30  INFO 24428 --- [billing-payment-service] [RMI TCP Connection(49)-127.0.0.1] [                                                 ] com.netflix.discovery.DiscoveryClient    : Completed shut down of DiscoveryClient
