2025-08-31T12:47:46.702+05:30  INFO 9940 --- [appointment-service] [restartedMain] [                                                 ] c.w.k.a.AppointmentServiceApplication    : Starting AppointmentServiceApplication using Java 21.0.7 with PID 9940 (C:\sts-4.31.0.RELEASE\MiniProject1\appointment-service\target\classes started by Komal in C:\sts-4.31.0.RELEASE\MiniProject1\appointment-service)
2025-08-31T12:47:46.710+05:30  INFO 9940 --- [appointment-service] [restartedMain] [                                                 ] c.w.k.a.AppointmentServiceApplication    : No active profile set, falling back to 1 default profile: "default"
2025-08-31T12:47:46.760+05:30  INFO 9940 --- [appointment-service] [restartedMain] [                                                 ] o.s.c.c.c.ConfigServerConfigDataLoader   : Fetching config from server at : http://localhost:9092
2025-08-31T12:47:46.760+05:30  INFO 9940 --- [appointment-service] [restartedMain] [                                                 ] o.s.c.c.c.ConfigServerConfigDataLoader   : Located environment: name=appointment-service, profiles=[default], label=null, version=793ed0c096cee40cfc4d43364491e1f98fde61bf, state=
2025-08-31T12:47:46.762+05:30  INFO 9940 --- [appointment-service] [restartedMain] [                                                 ] .e.DevToolsPropertyDefaultsPostProcessor : Devtools property defaults active! Set 'spring.devtools.add-properties' to 'false' to disable
2025-08-31T12:47:46.762+05:30  INFO 9940 --- [appointment-service] [restartedMain] [                                                 ] .e.DevToolsPropertyDefaultsPostProcessor : For additional web related logging consider setting the 'logging.level.web' property to 'DEBUG'
2025-08-31T12:47:47.806+05:30  INFO 9940 --- [appointment-service] [restartedMain] [                                                 ] .s.d.r.c.RepositoryConfigurationDelegate : Bootstrapping Spring Data JPA repositories in DEFAULT mode.
2025-08-31T12:47:47.915+05:30  INFO 9940 --- [appointment-service] [restartedMain] [                                                 ] .s.d.r.c.RepositoryConfigurationDelegate : Finished Spring Data repository scanning in 98 ms. Found 1 JPA repository interface.
2025-08-31T12:47:48.144+05:30  INFO 9940 --- [appointment-service] [restartedMain] [                                                 ] o.s.cloud.context.scope.GenericScope     : BeanFactory id=2bf0fa5e-bed7-3bf7-b801-12c5b915628b
2025-08-31T12:47:48.777+05:30  INFO 9940 --- [appointment-service] [restartedMain] [                                                 ] o.s.b.w.embedded.tomcat.TomcatWebServer  : Tomcat initialized with port 8083 (http)
2025-08-31T12:47:48.796+05:30  INFO 9940 --- [appointment-service] [restartedMain] [                                                 ] o.apache.catalina.core.StandardService   : Starting service [Tomcat]
2025-08-31T12:47:48.796+05:30  INFO 9940 --- [appointment-service] [restartedMain] [                                                 ] o.apache.catalina.core.StandardEngine    : Starting Servlet engine: [Apache Tomcat/10.1.43]
2025-08-31T12:47:48.842+05:30  INFO 9940 --- [appointment-service] [restartedMain] [                                                 ] o.a.c.c.C.[Tomcat].[localhost].[/]       : Initializing Spring embedded WebApplicationContext
2025-08-31T12:47:48.842+05:30  INFO 9940 --- [appointment-service] [restartedMain] [                                                 ] w.s.c.ServletWebServerApplicationContext : Root WebApplicationContext: initialization completed in 2080 ms
2025-08-31T12:47:49.391+05:30  INFO 9940 --- [appointment-service] [restartedMain] [                                                 ] o.hibernate.jpa.internal.util.LogHelper  : HHH000204: Processing PersistenceUnitInfo [name: default]
2025-08-31T12:47:49.424+05:30  INFO 9940 --- [appointment-service] [restartedMain] [                                                 ] org.hibernate.Version                    : HHH000412: Hibernate ORM core version 6.6.22.Final
2025-08-31T12:47:49.450+05:30  INFO 9940 --- [appointment-service] [restartedMain] [                                                 ] o.h.c.internal.RegionFactoryInitiator    : HHH000026: Second-level cache disabled
2025-08-31T12:47:49.626+05:30  INFO 9940 --- [appointment-service] [restartedMain] [                                                 ] o.s.o.j.p.SpringPersistenceUnitInfo      : No LoadTimeWeaver setup: ignoring JPA class transformer
2025-08-31T12:47:49.646+05:30  INFO 9940 --- [appointment-service] [restartedMain] [                                                 ] com.zaxxer.hikari.HikariDataSource       : HikariPool-1 - Starting...
2025-08-31T12:47:49.783+05:30  INFO 9940 --- [appointment-service] [restartedMain] [                                                 ] com.zaxxer.hikari.pool.HikariPool        : HikariPool-1 - Added connection com.mysql.cj.jdbc.ConnectionImpl@233c13d6
2025-08-31T12:47:49.783+05:30  INFO 9940 --- [appointment-service] [restartedMain] [                                                 ] com.zaxxer.hikari.HikariDataSource       : HikariPool-1 - Start completed.
2025-08-31T12:47:49.819+05:30  WARN 9940 --- [appointment-service] [restartedMain] [                                                 ] org.hibernate.orm.deprecation            : HHH90000025: MySQLDialect does not need to be specified explicitly using 'hibernate.dialect' (remove the property setting and it will be selected by default)
2025-08-31T12:47:49.830+05:30  INFO 9940 --- [appointment-service] [restartedMain] [                                                 ] org.hibernate.orm.connections.pooling    : HHH10001005: Database info:
	Database JDBC URL [Connecting through datasource 'HikariDataSource (HikariPool-1)']
	Database driver: undefined/unknown
	Database version: 8.0.41
	Autocommit mode: undefined/unknown
	Isolation level: undefined/unknown
	Minimum pool size: undefined/unknown
	Maximum pool size: undefined/unknown
2025-08-31T12:47:50.364+05:30  INFO 9940 --- [appointment-service] [restartedMain] [                                                 ] o.h.e.t.j.p.i.JtaPlatformInitiator       : HHH000489: No JTA platform available (set 'hibernate.transaction.jta.platform' to enable JTA platform integration)
2025-08-31T12:47:50.401+05:30  INFO 9940 --- [appointment-service] [restartedMain] [                                                 ] j.LocalContainerEntityManagerFactoryBean : Initialized JPA EntityManagerFactory for persistence unit 'default'
2025-08-31T12:47:50.871+05:30  WARN 9940 --- [appointment-service] [restartedMain] [                                                 ] JpaBaseConfiguration$JpaWebConfiguration : spring.jpa.open-in-view is enabled by default. Therefore, database queries may be performed during view rendering. Explicitly configure spring.jpa.open-in-view to disable this warning
2025-08-31T12:47:50.968+05:30  WARN 9940 --- [appointment-service] [restartedMain] [                                                 ] o.s.b.d.a.OptionalLiveReloadServer       : Unable to start LiveReload server
2025-08-31T12:47:51.022+05:30  INFO 9940 --- [appointment-service] [restartedMain] [                                                 ] o.s.c.openfeign.FeignClientFactoryBean   : For 'doctor-service' URL not provided. Will try picking an instance via load-balancing.
2025-08-31T12:47:51.085+05:30  INFO 9940 --- [appointment-service] [restartedMain] [                                                 ] o.s.c.openfeign.FeignClientFactoryBean   : For 'patient-service' URL not provided. Will try picking an instance via load-balancing.
2025-08-31T12:47:52.485+05:30  INFO 9940 --- [appointment-service] [restartedMain] [                                                 ] DiscoveryClientOptionalArgsConfiguration : Eureka HTTP Client uses RestTemplate.
2025-08-31T12:47:52.590+05:30  WARN 9940 --- [appointment-service] [restartedMain] [                                                 ] iguration$LoadBalancerCaffeineWarnLogger : Spring Cloud LoadBalancer is currently working with the default cache. While this cache implementation is useful for development and tests, it's recommended to use Caffeine cache in production.You can switch to using Caffeine cache, by adding it and org.springframework.cache.caffeine.CaffeineCacheManager to the classpath.
2025-08-31T12:47:52.614+05:30  INFO 9940 --- [appointment-service] [restartedMain] [                                                 ] o.s.b.a.e.web.EndpointLinksResolver      : Exposing 27 endpoints beneath base path '/actuator'
2025-08-31T12:47:52.703+05:30  INFO 9940 --- [appointment-service] [restartedMain] [                                                 ] o.s.c.n.eureka.InstanceInfoFactory       : Setting initial instance status as: STARTING
2025-08-31T12:47:52.723+05:30  INFO 9940 --- [appointment-service] [restartedMain] [                                                 ] com.netflix.discovery.DiscoveryClient    : Initializing Eureka in region us-east-1
2025-08-31T12:47:52.727+05:30  INFO 9940 --- [appointment-service] [restartedMain] [                                                 ] c.n.d.s.r.aws.ConfigClusterResolver      : Resolving eureka endpoints via configuration
2025-08-31T12:47:52.734+05:30  INFO 9940 --- [appointment-service] [restartedMain] [                                                 ] com.netflix.discovery.DiscoveryClient    : Disable delta property : false
2025-08-31T12:47:52.735+05:30  INFO 9940 --- [appointment-service] [restartedMain] [                                                 ] com.netflix.discovery.DiscoveryClient    : Single vip registry refresh property : null
2025-08-31T12:47:52.735+05:30  INFO 9940 --- [appointment-service] [restartedMain] [                                                 ] com.netflix.discovery.DiscoveryClient    : Force full registry fetch : false
2025-08-31T12:47:52.735+05:30  INFO 9940 --- [appointment-service] [restartedMain] [                                                 ] com.netflix.discovery.DiscoveryClient    : Application is null : false
2025-08-31T12:47:52.735+05:30  INFO 9940 --- [appointment-service] [restartedMain] [                                                 ] com.netflix.discovery.DiscoveryClient    : Registered Applications size is zero : true
2025-08-31T12:47:52.735+05:30  INFO 9940 --- [appointment-service] [restartedMain] [                                                 ] com.netflix.discovery.DiscoveryClient    : Application version is -1: true
2025-08-31T12:47:52.736+05:30  INFO 9940 --- [appointment-service] [restartedMain] [                                                 ] com.netflix.discovery.DiscoveryClient    : Getting all instance registry info from the eureka server
2025-08-31T12:47:52.914+05:30  INFO 9940 --- [appointment-service] [restartedMain] [                                                 ] com.netflix.discovery.DiscoveryClient    : The response status is 200
2025-08-31T12:47:52.916+05:30  INFO 9940 --- [appointment-service] [restartedMain] [                                                 ] com.netflix.discovery.DiscoveryClient    : Starting heartbeat executor: renew interval is: 30
2025-08-31T12:47:52.917+05:30  INFO 9940 --- [appointment-service] [restartedMain] [                                                 ] c.n.discovery.InstanceInfoReplicator     : InstanceInfoReplicator onDemand update allowed rate per min is 4
2025-08-31T12:47:52.918+05:30  INFO 9940 --- [appointment-service] [restartedMain] [                                                 ] com.netflix.discovery.DiscoveryClient    : Discovery Client initialized at timestamp 1756624672918 with initial instances count: 5
2025-08-31T12:47:52.931+05:30  INFO 9940 --- [appointment-service] [restartedMain] [                                                 ] o.s.c.n.e.s.EurekaServiceRegistry        : Registering application APPOINTMENT-SERVICE with eureka with status UP
2025-08-31T12:47:52.932+05:30  INFO 9940 --- [appointment-service] [restartedMain] [                                                 ] com.netflix.discovery.DiscoveryClient    : Saw local status change event StatusChangeEvent [timestamp=1756624672932, current=UP, previous=STARTING]
2025-08-31T12:47:52.934+05:30  INFO 9940 --- [appointment-service] [DiscoveryClient-InstanceInfoReplicator-%d] [                                                 ] com.netflix.discovery.DiscoveryClient    : DiscoveryClient_APPOINTMENT-SERVICE/LAPTOP-HPLJP7AG:appointment-service:8083: registering service...
2025-08-31T12:47:52.943+05:30  INFO 9940 --- [appointment-service] [restartedMain] [                                                 ] o.s.b.w.embedded.tomcat.TomcatWebServer  : Tomcat started on port 8083 (http) with context path '/'
2025-08-31T12:47:52.944+05:30  INFO 9940 --- [appointment-service] [restartedMain] [                                                 ] .s.c.n.e.s.EurekaAutoServiceRegistration : Updating port to 8083
2025-08-31T12:47:52.961+05:30  INFO 9940 --- [appointment-service] [restartedMain] [                                                 ] c.w.k.a.AppointmentServiceApplication    : Started AppointmentServiceApplication in 7.448 seconds (process running for 8.131)
2025-08-31T12:47:52.972+05:30  INFO 9940 --- [appointment-service] [DiscoveryClient-InstanceInfoReplicator-%d] [                                                 ] com.netflix.discovery.DiscoveryClient    : DiscoveryClient_APPOINTMENT-SERVICE/LAPTOP-HPLJP7AG:appointment-service:8083 - registration status: 204
2025-08-31T12:47:53.189+05:30  INFO 9940 --- [appointment-service] [RMI TCP Connection(9)-127.0.0.1] [                                                 ] o.a.c.c.C.[Tomcat].[localhost].[/]       : Initializing Spring DispatcherServlet 'dispatcherServlet'
2025-08-31T12:47:53.189+05:30  INFO 9940 --- [appointment-service] [RMI TCP Connection(9)-127.0.0.1] [                                                 ] o.s.web.servlet.DispatcherServlet        : Initializing Servlet 'dispatcherServlet'
2025-08-31T12:47:53.191+05:30  INFO 9940 --- [appointment-service] [RMI TCP Connection(9)-127.0.0.1] [                                                 ] o.s.web.servlet.DispatcherServlet        : Completed initialization in 2 ms
2025-08-31T12:48:42.504+05:30  WARN 9940 --- [appointment-service] [http-nio-8083-exec-3] [68b3f752f9485066495cc9a42c8ef11c-495cc9a42c8ef11c] .m.m.a.ExceptionHandlerExceptionResolver : Resolved [org.springframework.web.servlet.resource.NoResourceFoundException: No static resource favicon.ico.]
2025-08-31T12:52:52.750+05:30  INFO 9940 --- [appointment-service] [AsyncResolver-bootstrap-executor-%d] [                                                 ] c.n.d.s.r.aws.ConfigClusterResolver      : Resolving eureka endpoints via configuration
2025-08-31T12:54:10.547+05:30  INFO 9940 --- [appointment-service] [http-nio-8083-exec-3] [68b3f89a7c64ce3ebdbf1700eda19c58-bdbf1700eda19c58] o.springdoc.api.AbstractOpenApiResource  : Init duration for springdoc-openapi is: 157 ms
2025-08-31T12:54:34.597+05:30  INFO 9940 --- [appointment-service] [http-nio-8083-exec-5] [68b3f8b2b5a1450a60b72f2d7b44a6ec-60b72f2d7b44a6ec] c.w.komal.appointment.aop.LoggingAspect  : Entering method: AppointmentController.list(..) with arguments [0, 5]
2025-08-31T12:54:34.598+05:30  INFO 9940 --- [appointment-service] [http-nio-8083-exec-5] [68b3f8b2b5a1450a60b72f2d7b44a6ec-60b72f2d7b44a6ec] c.w.komal.appointment.aop.LoggingAspect  : Entering method: AppointmentServiceImpl.list(..) with arguments [0, 5]
2025-08-31T12:54:34.870+05:30  INFO 9940 --- [appointment-service] [http-nio-8083-exec-5] [68b3f8b2b5a1450a60b72f2d7b44a6ec-60b72f2d7b44a6ec] c.w.komal.appointment.aop.LoggingAspect  : Exiting method: AppointmentServiceImpl.list(..) with result Page 1 of 1 containing com.wipro.komal.appointment.entity.Appointment instances
2025-08-31T12:54:34.870+05:30  INFO 9940 --- [appointment-service] [http-nio-8083-exec-5] [68b3f8b2b5a1450a60b72f2d7b44a6ec-60b72f2d7b44a6ec] c.w.komal.appointment.aop.LoggingAspect  : Exiting method: AppointmentController.list(..) with result Page 1 of 1 containing com.wipro.komal.appointment.entity.Appointment instances
2025-08-31T12:54:34.874+05:30  WARN 9940 --- [appointment-service] [http-nio-8083-exec-5] [68b3f8b2b5a1450a60b72f2d7b44a6ec-60b72f2d7b44a6ec] ration$PageModule$WarningLoggingModifier : Serializing PageImpl instances as-is is not supported, meaning that there is no guarantee about the stability of the resulting JSON structure!
	For a stable JSON structure, please use Spring Data's PagedModel (globally via @EnableSpringDataWebSupport(pageSerializationMode = VIA_DTO))
	or Spring HATEOAS and Spring Data's PagedResourcesAssembler as documented in https://docs.spring.io/spring-data/commons/reference/repositories/core-extensions.html#core.web.pageables.

2025-08-31T12:57:52.765+05:30  INFO 9940 --- [appointment-service] [AsyncResolver-bootstrap-executor-%d] [                                                 ] c.n.d.s.r.aws.ConfigClusterResolver      : Resolving eureka endpoints via configuration
2025-08-31T13:02:52.770+05:30  INFO 9940 --- [appointment-service] [AsyncResolver-bootstrap-executor-%d] [                                                 ] c.n.d.s.r.aws.ConfigClusterResolver      : Resolving eureka endpoints via configuration
2025-08-31T13:07:52.778+05:30  INFO 9940 --- [appointment-service] [AsyncResolver-bootstrap-executor-%d] [                                                 ] c.n.d.s.r.aws.ConfigClusterResolver      : Resolving eureka endpoints via configuration
2025-08-31T13:09:13.064+05:30  INFO 9940 --- [appointment-service] [File Watcher] [                                                 ] rtingClassPathChangeChangedEventListener : Restarting due to 1 class path change (0 additions, 0 deletions, 1 modification)
2025-08-31T13:09:13.068+05:30  INFO 9940 --- [appointment-service] [Thread-1] [                                                 ] o.s.c.n.e.s.EurekaServiceRegistry        : Unregistering application APPOINTMENT-SERVICE with eureka with status DOWN
2025-08-31T13:09:13.068+05:30  INFO 9940 --- [appointment-service] [Thread-1] [                                                 ] com.netflix.discovery.DiscoveryClient    : Saw local status change event StatusChangeEvent [timestamp=1756625953068, current=DOWN, previous=UP]
2025-08-31T13:09:13.068+05:30  INFO 9940 --- [appointment-service] [DiscoveryClient-InstanceInfoReplicator-%d] [                                                 ] com.netflix.discovery.DiscoveryClient    : DiscoveryClient_APPOINTMENT-SERVICE/LAPTOP-HPLJP7AG:appointment-service:8083: registering service...
2025-08-31T13:09:13.072+05:30  INFO 9940 --- [appointment-service] [Thread-1] [                                                 ] o.s.b.w.e.tomcat.GracefulShutdown        : Commencing graceful shutdown. Waiting for active requests to complete
2025-08-31T13:09:13.077+05:30  INFO 9940 --- [appointment-service] [tomcat-shutdown] [                                                 ] o.s.b.w.e.tomcat.GracefulShutdown        : Graceful shutdown complete
2025-08-31T13:09:13.088+05:30  INFO 9940 --- [appointment-service] [Thread-1] [                                                 ] j.LocalContainerEntityManagerFactoryBean : Closing JPA EntityManagerFactory for persistence unit 'default'
2025-08-31T13:09:13.090+05:30  INFO 9940 --- [appointment-service] [DiscoveryClient-InstanceInfoReplicator-%d] [                                                 ] com.netflix.discovery.DiscoveryClient    : DiscoveryClient_APPOINTMENT-SERVICE/LAPTOP-HPLJP7AG:appointment-service:8083 - registration status: 204
2025-08-31T13:09:13.093+05:30  INFO 9940 --- [appointment-service] [Thread-1] [                                                 ] com.zaxxer.hikari.HikariDataSource       : HikariPool-1 - Shutdown initiated...
2025-08-31T13:09:13.099+05:30  INFO 9940 --- [appointment-service] [Thread-1] [                                                 ] com.zaxxer.hikari.HikariDataSource       : HikariPool-1 - Shutdown completed.
2025-08-31T13:09:13.634+05:30  INFO 9940 --- [appointment-service] [Thread-1] [                                                 ] com.netflix.discovery.DiscoveryClient    : Shutting down DiscoveryClient ...
2025-08-31T13:09:16.647+05:30  INFO 9940 --- [appointment-service] [Thread-1] [                                                 ] com.netflix.discovery.DiscoveryClient    : Unregistering ...
2025-08-31T13:09:16.664+05:30  INFO 9940 --- [appointment-service] [Thread-1] [                                                 ] com.netflix.discovery.DiscoveryClient    : DiscoveryClient_APPOINTMENT-SERVICE/LAPTOP-HPLJP7AG:appointment-service:8083 - deregister  status: 200
2025-08-31T13:09:16.665+05:30  INFO 9940 --- [appointment-service] [Thread-1] [                                                 ] com.netflix.discovery.DiscoveryClient    : Completed shut down of DiscoveryClient
2025-08-31T13:09:17.403+05:30  INFO 9940 --- [appointment-service] [restartedMain] [                                                 ] c.w.k.a.AppointmentServiceApplication    : Starting AppointmentServiceApplication using Java 21.0.7 with PID 9940 (C:\sts-4.31.0.RELEASE\MiniProject1\appointment-service\target\classes started by Komal in C:\sts-4.31.0.RELEASE\MiniProject1\appointment-service)
2025-08-31T13:09:17.403+05:30  INFO 9940 --- [appointment-service] [restartedMain] [                                                 ] c.w.k.a.AppointmentServiceApplication    : No active profile set, falling back to 1 default profile: "default"
2025-08-31T13:09:17.404+05:30  INFO 9940 --- [appointment-service] [restartedMain] [                                                 ] o.s.c.c.c.ConfigServerConfigDataLoader   : Fetching config from server at : http://localhost:9092
2025-08-31T13:09:17.404+05:30  INFO 9940 --- [appointment-service] [restartedMain] [                                                 ] o.s.c.c.c.ConfigServerConfigDataLoader   : Located environment: name=appointment-service, profiles=[default], label=null, version=793ed0c096cee40cfc4d43364491e1f98fde61bf, state=
2025-08-31T13:09:17.803+05:30  INFO 9940 --- [appointment-service] [restartedMain] [                                                 ] .s.d.r.c.RepositoryConfigurationDelegate : Bootstrapping Spring Data JPA repositories in DEFAULT mode.
2025-08-31T13:09:17.813+05:30  INFO 9940 --- [appointment-service] [restartedMain] [                                                 ] .s.d.r.c.RepositoryConfigurationDelegate : Finished Spring Data repository scanning in 8 ms. Found 1 JPA repository interface.
2025-08-31T13:09:17.889+05:30  INFO 9940 --- [appointment-service] [restartedMain] [                                                 ] o.s.cloud.context.scope.GenericScope     : BeanFactory id=2bf0fa5e-bed7-3bf7-b801-12c5b915628b
2025-08-31T13:09:18.108+05:30  INFO 9940 --- [appointment-service] [restartedMain] [                                                 ] o.s.b.w.embedded.tomcat.TomcatWebServer  : Tomcat initialized with port 8083 (http)
2025-08-31T13:09:18.109+05:30  INFO 9940 --- [appointment-service] [restartedMain] [                                                 ] o.apache.catalina.core.StandardService   : Starting service [Tomcat]
2025-08-31T13:09:18.110+05:30  INFO 9940 --- [appointment-service] [restartedMain] [                                                 ] o.apache.catalina.core.StandardEngine    : Starting Servlet engine: [Apache Tomcat/10.1.43]
2025-08-31T13:09:18.133+05:30  INFO 9940 --- [appointment-service] [restartedMain] [                                                 ] o.a.c.c.C.[Tomcat].[localhost].[/]       : Initializing Spring embedded WebApplicationContext
2025-08-31T13:09:18.133+05:30  INFO 9940 --- [appointment-service] [restartedMain] [                                                 ] w.s.c.ServletWebServerApplicationContext : Root WebApplicationContext: initialization completed in 728 ms
2025-08-31T13:09:18.446+05:30  INFO 9940 --- [appointment-service] [restartedMain] [                                                 ] o.hibernate.jpa.internal.util.LogHelper  : HHH000204: Processing PersistenceUnitInfo [name: default]
2025-08-31T13:09:18.449+05:30  INFO 9940 --- [appointment-service] [restartedMain] [                                                 ] o.h.c.internal.RegionFactoryInitiator    : HHH000026: Second-level cache disabled
2025-08-31T13:09:18.458+05:30  INFO 9940 --- [appointment-service] [restartedMain] [                                                 ] o.s.o.j.p.SpringPersistenceUnitInfo      : No LoadTimeWeaver setup: ignoring JPA class transformer
2025-08-31T13:09:18.460+05:30  INFO 9940 --- [appointment-service] [restartedMain] [                                                 ] com.zaxxer.hikari.HikariDataSource       : HikariPool-2 - Starting...
2025-08-31T13:09:18.464+05:30  INFO 9940 --- [appointment-service] [restartedMain] [                                                 ] com.zaxxer.hikari.pool.HikariPool        : HikariPool-2 - Added connection com.mysql.cj.jdbc.ConnectionImpl@68e3e60a
2025-08-31T13:09:18.465+05:30  INFO 9940 --- [appointment-service] [restartedMain] [                                                 ] com.zaxxer.hikari.HikariDataSource       : HikariPool-2 - Start completed.
2025-08-31T13:09:18.466+05:30  WARN 9940 --- [appointment-service] [restartedMain] [                                                 ] org.hibernate.orm.deprecation            : HHH90000025: MySQLDialect does not need to be specified explicitly using 'hibernate.dialect' (remove the property setting and it will be selected by default)
2025-08-31T13:09:18.466+05:30  INFO 9940 --- [appointment-service] [restartedMain] [                                                 ] org.hibernate.orm.connections.pooling    : HHH10001005: Database info:
	Database JDBC URL [Connecting through datasource 'HikariDataSource (HikariPool-2)']
	Database driver: undefined/unknown
	Database version: 8.0.41
	Autocommit mode: undefined/unknown
	Isolation level: undefined/unknown
	Minimum pool size: undefined/unknown
	Maximum pool size: undefined/unknown
2025-08-31T13:09:18.507+05:30  INFO 9940 --- [appointment-service] [restartedMain] [                                                 ] o.h.e.t.j.p.i.JtaPlatformInitiator       : HHH000489: No JTA platform available (set 'hibernate.transaction.jta.platform' to enable JTA platform integration)
2025-08-31T13:09:18.515+05:30  INFO 9940 --- [appointment-service] [restartedMain] [                                                 ] j.LocalContainerEntityManagerFactoryBean : Initialized JPA EntityManagerFactory for persistence unit 'default'
2025-08-31T13:09:18.749+05:30  WARN 9940 --- [appointment-service] [restartedMain] [                                                 ] JpaBaseConfiguration$JpaWebConfiguration : spring.jpa.open-in-view is enabled by default. Therefore, database queries may be performed during view rendering. Explicitly configure spring.jpa.open-in-view to disable this warning
2025-08-31T13:09:18.834+05:30  WARN 9940 --- [appointment-service] [restartedMain] [                                                 ] o.s.b.d.a.OptionalLiveReloadServer       : Unable to start LiveReload server
2025-08-31T13:09:18.868+05:30  INFO 9940 --- [appointment-service] [restartedMain] [                                                 ] o.s.c.openfeign.FeignClientFactoryBean   : For 'doctor-service' URL not provided. Will try picking an instance via load-balancing.
2025-08-31T13:09:18.915+05:30  INFO 9940 --- [appointment-service] [restartedMain] [                                                 ] o.s.c.openfeign.FeignClientFactoryBean   : For 'patient-service' URL not provided. Will try picking an instance via load-balancing.
2025-08-31T13:09:20.072+05:30  INFO 9940 --- [appointment-service] [restartedMain] [                                                 ] DiscoveryClientOptionalArgsConfiguration : Eureka HTTP Client uses RestTemplate.
2025-08-31T13:09:20.122+05:30  WARN 9940 --- [appointment-service] [restartedMain] [                                                 ] iguration$LoadBalancerCaffeineWarnLogger : Spring Cloud LoadBalancer is currently working with the default cache. While this cache implementation is useful for development and tests, it's recommended to use Caffeine cache in production.You can switch to using Caffeine cache, by adding it and org.springframework.cache.caffeine.CaffeineCacheManager to the classpath.
2025-08-31T13:09:20.144+05:30  INFO 9940 --- [appointment-service] [restartedMain] [                                                 ] o.s.b.a.e.web.EndpointLinksResolver      : Exposing 27 endpoints beneath base path '/actuator'
2025-08-31T13:09:20.200+05:30  INFO 9940 --- [appointment-service] [restartedMain] [                                                 ] o.s.c.n.eureka.InstanceInfoFactory       : Setting initial instance status as: STARTING
2025-08-31T13:09:20.206+05:30  INFO 9940 --- [appointment-service] [restartedMain] [                                                 ] com.netflix.discovery.DiscoveryClient    : Initializing Eureka in region us-east-1
2025-08-31T13:09:20.207+05:30  INFO 9940 --- [appointment-service] [restartedMain] [                                                 ] c.n.d.s.r.aws.ConfigClusterResolver      : Resolving eureka endpoints via configuration
2025-08-31T13:09:20.208+05:30  INFO 9940 --- [appointment-service] [restartedMain] [                                                 ] com.netflix.discovery.DiscoveryClient    : Disable delta property : false
2025-08-31T13:09:20.208+05:30  INFO 9940 --- [appointment-service] [restartedMain] [                                                 ] com.netflix.discovery.DiscoveryClient    : Single vip registry refresh property : null
2025-08-31T13:09:20.208+05:30  INFO 9940 --- [appointment-service] [restartedMain] [                                                 ] com.netflix.discovery.DiscoveryClient    : Force full registry fetch : false
2025-08-31T13:09:20.208+05:30  INFO 9940 --- [appointment-service] [restartedMain] [                                                 ] com.netflix.discovery.DiscoveryClient    : Application is null : false
2025-08-31T13:09:20.208+05:30  INFO 9940 --- [appointment-service] [restartedMain] [                                                 ] com.netflix.discovery.DiscoveryClient    : Registered Applications size is zero : true
2025-08-31T13:09:20.208+05:30  INFO 9940 --- [appointment-service] [restartedMain] [                                                 ] com.netflix.discovery.DiscoveryClient    : Application version is -1: true
2025-08-31T13:09:20.208+05:30  INFO 9940 --- [appointment-service] [restartedMain] [                                                 ] com.netflix.discovery.DiscoveryClient    : Getting all instance registry info from the eureka server
2025-08-31T13:09:20.245+05:30  INFO 9940 --- [appointment-service] [restartedMain] [                                                 ] com.netflix.discovery.DiscoveryClient    : The response status is 200
2025-08-31T13:09:20.246+05:30  INFO 9940 --- [appointment-service] [restartedMain] [                                                 ] com.netflix.discovery.DiscoveryClient    : Starting heartbeat executor: renew interval is: 30
2025-08-31T13:09:20.246+05:30  INFO 9940 --- [appointment-service] [restartedMain] [                                                 ] c.n.discovery.InstanceInfoReplicator     : InstanceInfoReplicator onDemand update allowed rate per min is 4
2025-08-31T13:09:20.247+05:30  INFO 9940 --- [appointment-service] [restartedMain] [                                                 ] com.netflix.discovery.DiscoveryClient    : Discovery Client initialized at timestamp 1756625960247 with initial instances count: 7
2025-08-31T13:09:20.260+05:30  INFO 9940 --- [appointment-service] [restartedMain] [                                                 ] o.s.c.n.e.s.EurekaServiceRegistry        : Registering application APPOINTMENT-SERVICE with eureka with status UP
2025-08-31T13:09:20.260+05:30  INFO 9940 --- [appointment-service] [restartedMain] [                                                 ] com.netflix.discovery.DiscoveryClient    : Saw local status change event StatusChangeEvent [timestamp=1756625960260, current=UP, previous=STARTING]
2025-08-31T13:09:20.261+05:30  INFO 9940 --- [appointment-service] [DiscoveryClient-InstanceInfoReplicator-%d] [                                                 ] com.netflix.discovery.DiscoveryClient    : DiscoveryClient_APPOINTMENT-SERVICE/LAPTOP-HPLJP7AG:appointment-service:8083: registering service...
2025-08-31T13:09:20.265+05:30  INFO 9940 --- [appointment-service] [restartedMain] [                                                 ] o.s.b.w.embedded.tomcat.TomcatWebServer  : Tomcat started on port 8083 (http) with context path '/'
2025-08-31T13:09:20.266+05:30  INFO 9940 --- [appointment-service] [restartedMain] [                                                 ] .s.c.n.e.s.EurekaAutoServiceRegistration : Updating port to 8083
2025-08-31T13:09:20.278+05:30  INFO 9940 --- [appointment-service] [DiscoveryClient-InstanceInfoReplicator-%d] [                                                 ] com.netflix.discovery.DiscoveryClient    : DiscoveryClient_APPOINTMENT-SERVICE/LAPTOP-HPLJP7AG:appointment-service:8083 - registration status: 204
2025-08-31T13:09:20.281+05:30  INFO 9940 --- [appointment-service] [restartedMain] [                                                 ] c.w.k.a.AppointmentServiceApplication    : Started AppointmentServiceApplication in 3.555 seconds (process running for 1295.449)
2025-08-31T13:09:20.287+05:30  INFO 9940 --- [appointment-service] [restartedMain] [                                                 ] .ConditionEvaluationDeltaLoggingListener : Condition evaluation unchanged
2025-08-31T13:14:20.224+05:30  INFO 9940 --- [appointment-service] [AsyncResolver-bootstrap-executor-%d] [                                                 ] c.n.d.s.r.aws.ConfigClusterResolver      : Resolving eureka endpoints via configuration
2025-08-31T13:19:20.234+05:30  INFO 9940 --- [appointment-service] [AsyncResolver-bootstrap-executor-%d] [                                                 ] c.n.d.s.r.aws.ConfigClusterResolver      : Resolving eureka endpoints via configuration
2025-08-31T13:19:34.218+05:30  INFO 9940 --- [appointment-service] [RMI TCP Connection(46)-127.0.0.1] [                                                 ] inMXBeanRegistrar$SpringApplicationAdmin : Application shutdown requested.
2025-08-31T13:19:34.219+05:30  INFO 9940 --- [appointment-service] [RMI TCP Connection(46)-127.0.0.1] [                                                 ] o.s.c.n.e.s.EurekaServiceRegistry        : Unregistering application APPOINTMENT-SERVICE with eureka with status DOWN
2025-08-31T13:19:34.219+05:30  INFO 9940 --- [appointment-service] [RMI TCP Connection(46)-127.0.0.1] [                                                 ] com.netflix.discovery.DiscoveryClient    : Saw local status change event StatusChangeEvent [timestamp=1756626574219, current=DOWN, previous=UP]
2025-08-31T13:19:34.219+05:30  INFO 9940 --- [appointment-service] [DiscoveryClient-InstanceInfoReplicator-%d] [                                                 ] com.netflix.discovery.DiscoveryClient    : DiscoveryClient_APPOINTMENT-SERVICE/LAPTOP-HPLJP7AG:appointment-service:8083: registering service...
2025-08-31T13:19:34.220+05:30  INFO 9940 --- [appointment-service] [RMI TCP Connection(46)-127.0.0.1] [                                                 ] o.s.b.w.e.tomcat.GracefulShutdown        : Commencing graceful shutdown. Waiting for active requests to complete
2025-08-31T13:19:34.232+05:30  INFO 9940 --- [appointment-service] [tomcat-shutdown] [                                                 ] o.s.b.w.e.tomcat.GracefulShutdown        : Graceful shutdown complete
2025-08-31T13:19:34.235+05:30  INFO 9940 --- [appointment-service] [DiscoveryClient-InstanceInfoReplicator-%d] [                                                 ] com.netflix.discovery.DiscoveryClient    : DiscoveryClient_APPOINTMENT-SERVICE/LAPTOP-HPLJP7AG:appointment-service:8083 - registration status: 204
2025-08-31T13:19:34.237+05:30  INFO 9940 --- [appointment-service] [RMI TCP Connection(46)-127.0.0.1] [                                                 ] j.LocalContainerEntityManagerFactoryBean : Closing JPA EntityManagerFactory for persistence unit 'default'
2025-08-31T13:19:34.238+05:30  INFO 9940 --- [appointment-service] [RMI TCP Connection(46)-127.0.0.1] [                                                 ] com.zaxxer.hikari.HikariDataSource       : HikariPool-2 - Shutdown initiated...
2025-08-31T13:19:34.240+05:30  INFO 9940 --- [appointment-service] [RMI TCP Connection(46)-127.0.0.1] [                                                 ] com.zaxxer.hikari.HikariDataSource       : HikariPool-2 - Shutdown completed.
2025-08-31T13:19:34.986+05:30  INFO 9940 --- [appointment-service] [RMI TCP Connection(46)-127.0.0.1] [                                                 ] com.netflix.discovery.DiscoveryClient    : Shutting down DiscoveryClient ...
2025-08-31T13:19:37.989+05:30  INFO 9940 --- [appointment-service] [RMI TCP Connection(46)-127.0.0.1] [                                                 ] com.netflix.discovery.DiscoveryClient    : Unregistering ...
2025-08-31T13:19:38.007+05:30  INFO 9940 --- [appointment-service] [RMI TCP Connection(46)-127.0.0.1] [                                                 ] com.netflix.discovery.DiscoveryClient    : DiscoveryClient_APPOINTMENT-SERVICE/LAPTOP-HPLJP7AG:appointment-service:8083 - deregister  status: 200
2025-08-31T13:19:38.008+05:30  INFO 9940 --- [appointment-service] [RMI TCP Connection(46)-127.0.0.1] [                                                 ] com.netflix.discovery.DiscoveryClient    : Completed shut down of DiscoveryClient
2025-08-31T13:37:30.069+05:30  INFO 11852 --- [appointment-service] [restartedMain] [                                                 ] c.w.k.a.AppointmentServiceApplication    : Starting AppointmentServiceApplication using Java 21.0.7 with PID 11852 (C:\sts-4.31.0.RELEASE\MiniProject1\appointment-service\target\classes started by Komal in C:\sts-4.31.0.RELEASE\MiniProject1\appointment-service)
2025-08-31T13:37:30.072+05:30  INFO 11852 --- [appointment-service] [restartedMain] [                                                 ] c.w.k.a.AppointmentServiceApplication    : No active profile set, falling back to 1 default profile: "default"
2025-08-31T13:37:30.118+05:30  INFO 11852 --- [appointment-service] [restartedMain] [                                                 ] o.s.c.c.c.ConfigServerConfigDataLoader   : Fetching config from server at : http://localhost:9092
2025-08-31T13:37:30.119+05:30  INFO 11852 --- [appointment-service] [restartedMain] [                                                 ] o.s.c.c.c.ConfigServerConfigDataLoader   : Located environment: name=appointment-service, profiles=[default], label=null, version=793ed0c096cee40cfc4d43364491e1f98fde61bf, state=
2025-08-31T13:37:30.122+05:30  INFO 11852 --- [appointment-service] [restartedMain] [                                                 ] .e.DevToolsPropertyDefaultsPostProcessor : Devtools property defaults active! Set 'spring.devtools.add-properties' to 'false' to disable
2025-08-31T13:37:30.122+05:30  INFO 11852 --- [appointment-service] [restartedMain] [                                                 ] .e.DevToolsPropertyDefaultsPostProcessor : For additional web related logging consider setting the 'logging.level.web' property to 'DEBUG'
2025-08-31T13:37:31.093+05:30  INFO 11852 --- [appointment-service] [restartedMain] [                                                 ] .s.d.r.c.RepositoryConfigurationDelegate : Bootstrapping Spring Data JPA repositories in DEFAULT mode.
2025-08-31T13:37:31.195+05:30  INFO 11852 --- [appointment-service] [restartedMain] [                                                 ] .s.d.r.c.RepositoryConfigurationDelegate : Finished Spring Data repository scanning in 92 ms. Found 1 JPA repository interface.
2025-08-31T13:37:31.418+05:30  INFO 11852 --- [appointment-service] [restartedMain] [                                                 ] o.s.cloud.context.scope.GenericScope     : BeanFactory id=4d6082c5-e4fc-3879-8d43-3b94a89ea181
2025-08-31T13:37:32.000+05:30  INFO 11852 --- [appointment-service] [restartedMain] [                                                 ] o.s.b.w.embedded.tomcat.TomcatWebServer  : Tomcat initialized with port 8083 (http)
2025-08-31T13:37:32.013+05:30  INFO 11852 --- [appointment-service] [restartedMain] [                                                 ] o.apache.catalina.core.StandardService   : Starting service [Tomcat]
2025-08-31T13:37:32.013+05:30  INFO 11852 --- [appointment-service] [restartedMain] [                                                 ] o.apache.catalina.core.StandardEngine    : Starting Servlet engine: [Apache Tomcat/10.1.43]
2025-08-31T13:37:32.058+05:30  INFO 11852 --- [appointment-service] [restartedMain] [                                                 ] o.a.c.c.C.[Tomcat].[localhost].[/]       : Initializing Spring embedded WebApplicationContext
2025-08-31T13:37:32.059+05:30  INFO 11852 --- [appointment-service] [restartedMain] [                                                 ] w.s.c.ServletWebServerApplicationContext : Root WebApplicationContext: initialization completed in 1936 ms
2025-08-31T13:37:32.633+05:30  INFO 11852 --- [appointment-service] [restartedMain] [                                                 ] o.hibernate.jpa.internal.util.LogHelper  : HHH000204: Processing PersistenceUnitInfo [name: default]
2025-08-31T13:37:32.666+05:30  INFO 11852 --- [appointment-service] [restartedMain] [                                                 ] org.hibernate.Version                    : HHH000412: Hibernate ORM core version 6.6.22.Final
2025-08-31T13:37:32.688+05:30  INFO 11852 --- [appointment-service] [restartedMain] [                                                 ] o.h.c.internal.RegionFactoryInitiator    : HHH000026: Second-level cache disabled
2025-08-31T13:37:32.852+05:30  INFO 11852 --- [appointment-service] [restartedMain] [                                                 ] o.s.o.j.p.SpringPersistenceUnitInfo      : No LoadTimeWeaver setup: ignoring JPA class transformer
2025-08-31T13:37:32.874+05:30  INFO 11852 --- [appointment-service] [restartedMain] [                                                 ] com.zaxxer.hikari.HikariDataSource       : HikariPool-1 - Starting...
2025-08-31T13:37:33.006+05:30  INFO 11852 --- [appointment-service] [restartedMain] [                                                 ] com.zaxxer.hikari.pool.HikariPool        : HikariPool-1 - Added connection com.mysql.cj.jdbc.ConnectionImpl@5ae85efe
2025-08-31T13:37:33.008+05:30  INFO 11852 --- [appointment-service] [restartedMain] [                                                 ] com.zaxxer.hikari.HikariDataSource       : HikariPool-1 - Start completed.
2025-08-31T13:37:33.045+05:30  WARN 11852 --- [appointment-service] [restartedMain] [                                                 ] org.hibernate.orm.deprecation            : HHH90000025: MySQLDialect does not need to be specified explicitly using 'hibernate.dialect' (remove the property setting and it will be selected by default)
2025-08-31T13:37:33.057+05:30  INFO 11852 --- [appointment-service] [restartedMain] [                                                 ] org.hibernate.orm.connections.pooling    : HHH10001005: Database info:
	Database JDBC URL [Connecting through datasource 'HikariDataSource (HikariPool-1)']
	Database driver: undefined/unknown
	Database version: 8.0.41
	Autocommit mode: undefined/unknown
	Isolation level: undefined/unknown
	Minimum pool size: undefined/unknown
	Maximum pool size: undefined/unknown
2025-08-31T13:37:33.566+05:30  INFO 11852 --- [appointment-service] [restartedMain] [                                                 ] o.h.e.t.j.p.i.JtaPlatformInitiator       : HHH000489: No JTA platform available (set 'hibernate.transaction.jta.platform' to enable JTA platform integration)
2025-08-31T13:37:33.607+05:30  INFO 11852 --- [appointment-service] [restartedMain] [                                                 ] j.LocalContainerEntityManagerFactoryBean : Initialized JPA EntityManagerFactory for persistence unit 'default'
2025-08-31T13:37:34.067+05:30  WARN 11852 --- [appointment-service] [restartedMain] [                                                 ] JpaBaseConfiguration$JpaWebConfiguration : spring.jpa.open-in-view is enabled by default. Therefore, database queries may be performed during view rendering. Explicitly configure spring.jpa.open-in-view to disable this warning
2025-08-31T13:37:34.162+05:30  INFO 11852 --- [appointment-service] [restartedMain] [                                                 ] o.s.b.d.a.OptionalLiveReloadServer       : LiveReload server is running on port 35729
2025-08-31T13:37:34.212+05:30  INFO 11852 --- [appointment-service] [restartedMain] [                                                 ] o.s.c.openfeign.FeignClientFactoryBean   : For 'doctor-service' URL not provided. Will try picking an instance via load-balancing.
2025-08-31T13:37:34.279+05:30  INFO 11852 --- [appointment-service] [restartedMain] [                                                 ] o.s.c.openfeign.FeignClientFactoryBean   : For 'patient-service' URL not provided. Will try picking an instance via load-balancing.
2025-08-31T13:37:35.723+05:30  INFO 11852 --- [appointment-service] [restartedMain] [                                                 ] DiscoveryClientOptionalArgsConfiguration : Eureka HTTP Client uses RestTemplate.
2025-08-31T13:37:35.775+05:30  WARN 11852 --- [appointment-service] [restartedMain] [                                                 ] iguration$LoadBalancerCaffeineWarnLogger : Spring Cloud LoadBalancer is currently working with the default cache. While this cache implementation is useful for development and tests, it's recommended to use Caffeine cache in production.You can switch to using Caffeine cache, by adding it and org.springframework.cache.caffeine.CaffeineCacheManager to the classpath.
2025-08-31T13:37:35.802+05:30  INFO 11852 --- [appointment-service] [restartedMain] [                                                 ] o.s.b.a.e.web.EndpointLinksResolver      : Exposing 28 endpoints beneath base path '/actuator'
2025-08-31T13:37:35.895+05:30  INFO 11852 --- [appointment-service] [restartedMain] [                                                 ] o.s.c.n.eureka.InstanceInfoFactory       : Setting initial instance status as: STARTING
2025-08-31T13:37:35.915+05:30  INFO 11852 --- [appointment-service] [restartedMain] [                                                 ] com.netflix.discovery.DiscoveryClient    : Initializing Eureka in region us-east-1
2025-08-31T13:37:35.919+05:30  INFO 11852 --- [appointment-service] [restartedMain] [                                                 ] c.n.d.s.r.aws.ConfigClusterResolver      : Resolving eureka endpoints via configuration
2025-08-31T13:37:35.926+05:30  INFO 11852 --- [appointment-service] [restartedMain] [                                                 ] com.netflix.discovery.DiscoveryClient    : Disable delta property : false
2025-08-31T13:37:35.927+05:30  INFO 11852 --- [appointment-service] [restartedMain] [                                                 ] com.netflix.discovery.DiscoveryClient    : Single vip registry refresh property : null
2025-08-31T13:37:35.927+05:30  INFO 11852 --- [appointment-service] [restartedMain] [                                                 ] com.netflix.discovery.DiscoveryClient    : Force full registry fetch : false
2025-08-31T13:37:35.927+05:30  INFO 11852 --- [appointment-service] [restartedMain] [                                                 ] com.netflix.discovery.DiscoveryClient    : Application is null : false
2025-08-31T13:37:35.927+05:30  INFO 11852 --- [appointment-service] [restartedMain] [                                                 ] com.netflix.discovery.DiscoveryClient    : Registered Applications size is zero : true
2025-08-31T13:37:35.927+05:30  INFO 11852 --- [appointment-service] [restartedMain] [                                                 ] com.netflix.discovery.DiscoveryClient    : Application version is -1: true
2025-08-31T13:37:35.927+05:30  INFO 11852 --- [appointment-service] [restartedMain] [                                                 ] com.netflix.discovery.DiscoveryClient    : Getting all instance registry info from the eureka server
2025-08-31T13:37:36.097+05:30  INFO 11852 --- [appointment-service] [restartedMain] [                                                 ] com.netflix.discovery.DiscoveryClient    : The response status is 200
2025-08-31T13:37:36.099+05:30  INFO 11852 --- [appointment-service] [restartedMain] [                                                 ] com.netflix.discovery.DiscoveryClient    : Starting heartbeat executor: renew interval is: 30
2025-08-31T13:37:36.101+05:30  INFO 11852 --- [appointment-service] [restartedMain] [                                                 ] c.n.discovery.InstanceInfoReplicator     : InstanceInfoReplicator onDemand update allowed rate per min is 4
2025-08-31T13:37:36.102+05:30  INFO 11852 --- [appointment-service] [restartedMain] [                                                 ] com.netflix.discovery.DiscoveryClient    : Discovery Client initialized at timestamp 1756627656102 with initial instances count: 2
2025-08-31T13:37:36.114+05:30  INFO 11852 --- [appointment-service] [restartedMain] [                                                 ] o.s.c.n.e.s.EurekaServiceRegistry        : Registering application APPOINTMENT-SERVICE with eureka with status UP
2025-08-31T13:37:36.115+05:30  INFO 11852 --- [appointment-service] [restartedMain] [                                                 ] com.netflix.discovery.DiscoveryClient    : Saw local status change event StatusChangeEvent [timestamp=1756627656115, current=UP, previous=STARTING]
2025-08-31T13:37:36.117+05:30  INFO 11852 --- [appointment-service] [DiscoveryClient-InstanceInfoReplicator-%d] [                                                 ] com.netflix.discovery.DiscoveryClient    : DiscoveryClient_APPOINTMENT-SERVICE/LAPTOP-HPLJP7AG:appointment-service:8083: registering service...
2025-08-31T13:37:36.128+05:30  INFO 11852 --- [appointment-service] [restartedMain] [                                                 ] o.s.b.w.embedded.tomcat.TomcatWebServer  : Tomcat started on port 8083 (http) with context path '/'
2025-08-31T13:37:36.129+05:30  INFO 11852 --- [appointment-service] [restartedMain] [                                                 ] .s.c.n.e.s.EurekaAutoServiceRegistration : Updating port to 8083
2025-08-31T13:37:36.144+05:30  INFO 11852 --- [appointment-service] [restartedMain] [                                                 ] c.w.k.a.AppointmentServiceApplication    : Started AppointmentServiceApplication in 8.374 seconds (process running for 9.008)
2025-08-31T13:37:36.153+05:30  INFO 11852 --- [appointment-service] [DiscoveryClient-InstanceInfoReplicator-%d] [                                                 ] com.netflix.discovery.DiscoveryClient    : DiscoveryClient_APPOINTMENT-SERVICE/LAPTOP-HPLJP7AG:appointment-service:8083 - registration status: 204
2025-08-31T13:37:36.718+05:30  INFO 11852 --- [appointment-service] [RMI TCP Connection(10)-127.0.0.1] [                                                 ] o.a.c.c.C.[Tomcat].[localhost].[/]       : Initializing Spring DispatcherServlet 'dispatcherServlet'
2025-08-31T13:37:36.719+05:30  INFO 11852 --- [appointment-service] [RMI TCP Connection(10)-127.0.0.1] [                                                 ] o.s.web.servlet.DispatcherServlet        : Initializing Servlet 'dispatcherServlet'
2025-08-31T13:37:36.720+05:30  INFO 11852 --- [appointment-service] [RMI TCP Connection(10)-127.0.0.1] [                                                 ] o.s.web.servlet.DispatcherServlet        : Completed initialization in 1 ms
2025-08-31T13:42:35.941+05:30  INFO 11852 --- [appointment-service] [AsyncResolver-bootstrap-executor-%d] [                                                 ] c.n.d.s.r.aws.ConfigClusterResolver      : Resolving eureka endpoints via configuration
2025-08-31T13:47:35.951+05:30  INFO 11852 --- [appointment-service] [AsyncResolver-bootstrap-executor-%d] [                                                 ] c.n.d.s.r.aws.ConfigClusterResolver      : Resolving eureka endpoints via configuration
2025-08-31T13:52:35.961+05:30  INFO 11852 --- [appointment-service] [AsyncResolver-bootstrap-executor-%d] [                                                 ] c.n.d.s.r.aws.ConfigClusterResolver      : Resolving eureka endpoints via configuration
2025-08-31T13:57:35.963+05:30  INFO 11852 --- [appointment-service] [AsyncResolver-bootstrap-executor-%d] [                                                 ] c.n.d.s.r.aws.ConfigClusterResolver      : Resolving eureka endpoints via configuration
2025-08-31T14:01:04.474+05:30  INFO 11852 --- [appointment-service] [RMI TCP Connection(35)-127.0.0.1] [                                                 ] inMXBeanRegistrar$SpringApplicationAdmin : Application shutdown requested.
2025-08-31T14:01:04.479+05:30  INFO 11852 --- [appointment-service] [RMI TCP Connection(35)-127.0.0.1] [                                                 ] o.s.c.n.e.s.EurekaServiceRegistry        : Unregistering application APPOINTMENT-SERVICE with eureka with status DOWN
2025-08-31T14:01:04.479+05:30  INFO 11852 --- [appointment-service] [RMI TCP Connection(35)-127.0.0.1] [                                                 ] com.netflix.discovery.DiscoveryClient    : Saw local status change event StatusChangeEvent [timestamp=1756629064479, current=DOWN, previous=UP]
2025-08-31T14:01:04.479+05:30  INFO 11852 --- [appointment-service] [DiscoveryClient-InstanceInfoReplicator-%d] [                                                 ] com.netflix.discovery.DiscoveryClient    : DiscoveryClient_APPOINTMENT-SERVICE/LAPTOP-HPLJP7AG:appointment-service:8083: registering service...
2025-08-31T14:01:04.482+05:30  INFO 11852 --- [appointment-service] [RMI TCP Connection(35)-127.0.0.1] [                                                 ] o.s.b.w.e.tomcat.GracefulShutdown        : Commencing graceful shutdown. Waiting for active requests to complete
2025-08-31T14:01:04.486+05:30  INFO 11852 --- [appointment-service] [DiscoveryClient-InstanceInfoReplicator-%d] [                                                 ] com.netflix.discovery.DiscoveryClient    : DiscoveryClient_APPOINTMENT-SERVICE/LAPTOP-HPLJP7AG:appointment-service:8083 - registration status: 204
2025-08-31T14:01:04.488+05:30  INFO 11852 --- [appointment-service] [tomcat-shutdown] [                                                 ] o.s.b.w.e.tomcat.GracefulShutdown        : Graceful shutdown complete
2025-08-31T14:01:04.499+05:30  INFO 11852 --- [appointment-service] [RMI TCP Connection(35)-127.0.0.1] [                                                 ] j.LocalContainerEntityManagerFactoryBean : Closing JPA EntityManagerFactory for persistence unit 'default'
2025-08-31T14:01:04.503+05:30  INFO 11852 --- [appointment-service] [RMI TCP Connection(35)-127.0.0.1] [                                                 ] com.zaxxer.hikari.HikariDataSource       : HikariPool-1 - Shutdown initiated...
2025-08-31T14:01:04.506+05:30  INFO 11852 --- [appointment-service] [RMI TCP Connection(35)-127.0.0.1] [                                                 ] com.zaxxer.hikari.HikariDataSource       : HikariPool-1 - Shutdown completed.
2025-08-31T14:01:05.278+05:30  INFO 11852 --- [appointment-service] [RMI TCP Connection(35)-127.0.0.1] [                                                 ] com.netflix.discovery.DiscoveryClient    : Shutting down DiscoveryClient ...
2025-08-31T14:01:08.280+05:30  INFO 11852 --- [appointment-service] [RMI TCP Connection(35)-127.0.0.1] [                                                 ] com.netflix.discovery.DiscoveryClient    : Unregistering ...
2025-08-31T14:01:08.280+05:30  WARN 11852 --- [appointment-service] [DiscoveryClient-%d] [                                                 ] c.netflix.discovery.TimedSupervisorTask  : task supervisor shutting down, can't accept the task
2025-08-31T14:01:08.290+05:30  INFO 11852 --- [appointment-service] [RMI TCP Connection(35)-127.0.0.1] [                                                 ] com.netflix.discovery.DiscoveryClient    : DiscoveryClient_APPOINTMENT-SERVICE/LAPTOP-HPLJP7AG:appointment-service:8083 - deregister  status: 200
2025-08-31T14:01:08.290+05:30  INFO 11852 --- [appointment-service] [RMI TCP Connection(35)-127.0.0.1] [                                                 ] com.netflix.discovery.DiscoveryClient    : Completed shut down of DiscoveryClient
2025-08-31T14:53:15.318+05:30  INFO 13100 --- [appointment-service] [restartedMain] [                                                 ] c.w.k.a.AppointmentServiceApplication    : Starting AppointmentServiceApplication using Java 21.0.7 with PID 13100 (C:\sts-4.31.0.RELEASE\MiniProject1\appointment-service\target\classes started by Komal in C:\sts-4.31.0.RELEASE\MiniProject1\appointment-service)
2025-08-31T14:53:15.321+05:30  INFO 13100 --- [appointment-service] [restartedMain] [                                                 ] c.w.k.a.AppointmentServiceApplication    : No active profile set, falling back to 1 default profile: "default"
2025-08-31T14:53:15.366+05:30  INFO 13100 --- [appointment-service] [restartedMain] [                                                 ] o.s.c.c.c.ConfigServerConfigDataLoader   : Fetching config from server at : http://localhost:9092
2025-08-31T14:53:15.366+05:30  INFO 13100 --- [appointment-service] [restartedMain] [                                                 ] o.s.c.c.c.ConfigServerConfigDataLoader   : Located environment: name=appointment-service, profiles=[default], label=null, version=793ed0c096cee40cfc4d43364491e1f98fde61bf, state=
2025-08-31T14:53:15.368+05:30  INFO 13100 --- [appointment-service] [restartedMain] [                                                 ] .e.DevToolsPropertyDefaultsPostProcessor : Devtools property defaults active! Set 'spring.devtools.add-properties' to 'false' to disable
2025-08-31T14:53:15.368+05:30  INFO 13100 --- [appointment-service] [restartedMain] [                                                 ] .e.DevToolsPropertyDefaultsPostProcessor : For additional web related logging consider setting the 'logging.level.web' property to 'DEBUG'
2025-08-31T14:53:16.372+05:30  INFO 13100 --- [appointment-service] [restartedMain] [                                                 ] .s.d.r.c.RepositoryConfigurationDelegate : Bootstrapping Spring Data JPA repositories in DEFAULT mode.
2025-08-31T14:53:16.467+05:30  INFO 13100 --- [appointment-service] [restartedMain] [                                                 ] .s.d.r.c.RepositoryConfigurationDelegate : Finished Spring Data repository scanning in 82 ms. Found 1 JPA repository interface.
2025-08-31T14:53:16.703+05:30  INFO 13100 --- [appointment-service] [restartedMain] [                                                 ] o.s.cloud.context.scope.GenericScope     : BeanFactory id=4d6082c5-e4fc-3879-8d43-3b94a89ea181
2025-08-31T14:53:17.325+05:30  INFO 13100 --- [appointment-service] [restartedMain] [                                                 ] o.s.b.w.embedded.tomcat.TomcatWebServer  : Tomcat initialized with port 8083 (http)
2025-08-31T14:53:17.337+05:30  INFO 13100 --- [appointment-service] [restartedMain] [                                                 ] o.apache.catalina.core.StandardService   : Starting service [Tomcat]
2025-08-31T14:53:17.337+05:30  INFO 13100 --- [appointment-service] [restartedMain] [                                                 ] o.apache.catalina.core.StandardEngine    : Starting Servlet engine: [Apache Tomcat/10.1.43]
2025-08-31T14:53:17.382+05:30  INFO 13100 --- [appointment-service] [restartedMain] [                                                 ] o.a.c.c.C.[Tomcat].[localhost].[/]       : Initializing Spring embedded WebApplicationContext
2025-08-31T14:53:17.383+05:30  INFO 13100 --- [appointment-service] [restartedMain] [                                                 ] w.s.c.ServletWebServerApplicationContext : Root WebApplicationContext: initialization completed in 2013 ms
2025-08-31T14:53:18.002+05:30  INFO 13100 --- [appointment-service] [restartedMain] [                                                 ] o.hibernate.jpa.internal.util.LogHelper  : HHH000204: Processing PersistenceUnitInfo [name: default]
2025-08-31T14:53:18.037+05:30  INFO 13100 --- [appointment-service] [restartedMain] [                                                 ] org.hibernate.Version                    : HHH000412: Hibernate ORM core version 6.6.22.Final
2025-08-31T14:53:18.060+05:30  INFO 13100 --- [appointment-service] [restartedMain] [                                                 ] o.h.c.internal.RegionFactoryInitiator    : HHH000026: Second-level cache disabled
2025-08-31T14:53:18.253+05:30  INFO 13100 --- [appointment-service] [restartedMain] [                                                 ] o.s.o.j.p.SpringPersistenceUnitInfo      : No LoadTimeWeaver setup: ignoring JPA class transformer
2025-08-31T14:53:18.293+05:30  INFO 13100 --- [appointment-service] [restartedMain] [                                                 ] com.zaxxer.hikari.HikariDataSource       : HikariPool-1 - Starting...
2025-08-31T14:53:18.418+05:30  INFO 13100 --- [appointment-service] [restartedMain] [                                                 ] com.zaxxer.hikari.pool.HikariPool        : HikariPool-1 - Added connection com.mysql.cj.jdbc.ConnectionImpl@3c5f2eeb
2025-08-31T14:53:18.419+05:30  INFO 13100 --- [appointment-service] [restartedMain] [                                                 ] com.zaxxer.hikari.HikariDataSource       : HikariPool-1 - Start completed.
2025-08-31T14:53:18.458+05:30  WARN 13100 --- [appointment-service] [restartedMain] [                                                 ] org.hibernate.orm.deprecation            : HHH90000025: MySQLDialect does not need to be specified explicitly using 'hibernate.dialect' (remove the property setting and it will be selected by default)
2025-08-31T14:53:18.472+05:30  INFO 13100 --- [appointment-service] [restartedMain] [                                                 ] org.hibernate.orm.connections.pooling    : HHH10001005: Database info:
	Database JDBC URL [Connecting through datasource 'HikariDataSource (HikariPool-1)']
	Database driver: undefined/unknown
	Database version: 8.0.41
	Autocommit mode: undefined/unknown
	Isolation level: undefined/unknown
	Minimum pool size: undefined/unknown
	Maximum pool size: undefined/unknown
2025-08-31T14:53:19.027+05:30  INFO 13100 --- [appointment-service] [restartedMain] [                                                 ] o.h.e.t.j.p.i.JtaPlatformInitiator       : HHH000489: No JTA platform available (set 'hibernate.transaction.jta.platform' to enable JTA platform integration)
2025-08-31T14:53:19.079+05:30  INFO 13100 --- [appointment-service] [restartedMain] [                                                 ] j.LocalContainerEntityManagerFactoryBean : Initialized JPA EntityManagerFactory for persistence unit 'default'
2025-08-31T14:53:19.557+05:30  WARN 13100 --- [appointment-service] [restartedMain] [                                                 ] JpaBaseConfiguration$JpaWebConfiguration : spring.jpa.open-in-view is enabled by default. Therefore, database queries may be performed during view rendering. Explicitly configure spring.jpa.open-in-view to disable this warning
2025-08-31T14:53:19.655+05:30  INFO 13100 --- [appointment-service] [restartedMain] [                                                 ] o.s.b.d.a.OptionalLiveReloadServer       : LiveReload server is running on port 35729
2025-08-31T14:53:19.720+05:30  INFO 13100 --- [appointment-service] [restartedMain] [                                                 ] o.s.c.openfeign.FeignClientFactoryBean   : For 'doctor-service' URL not provided. Will try picking an instance via load-balancing.
2025-08-31T14:53:19.788+05:30  INFO 13100 --- [appointment-service] [restartedMain] [                                                 ] o.s.c.openfeign.FeignClientFactoryBean   : For 'patient-service' URL not provided. Will try picking an instance via load-balancing.
2025-08-31T14:53:21.267+05:30  INFO 13100 --- [appointment-service] [restartedMain] [                                                 ] DiscoveryClientOptionalArgsConfiguration : Eureka HTTP Client uses RestTemplate.
2025-08-31T14:53:21.321+05:30  WARN 13100 --- [appointment-service] [restartedMain] [                                                 ] iguration$LoadBalancerCaffeineWarnLogger : Spring Cloud LoadBalancer is currently working with the default cache. While this cache implementation is useful for development and tests, it's recommended to use Caffeine cache in production.You can switch to using Caffeine cache, by adding it and org.springframework.cache.caffeine.CaffeineCacheManager to the classpath.
2025-08-31T14:53:21.346+05:30  INFO 13100 --- [appointment-service] [restartedMain] [                                                 ] o.s.b.a.e.web.EndpointLinksResolver      : Exposing 28 endpoints beneath base path '/actuator'
2025-08-31T14:53:21.463+05:30  INFO 13100 --- [appointment-service] [restartedMain] [                                                 ] o.s.c.n.eureka.InstanceInfoFactory       : Setting initial instance status as: STARTING
2025-08-31T14:53:21.486+05:30  INFO 13100 --- [appointment-service] [restartedMain] [                                                 ] com.netflix.discovery.DiscoveryClient    : Initializing Eureka in region us-east-1
2025-08-31T14:53:21.489+05:30  INFO 13100 --- [appointment-service] [restartedMain] [                                                 ] c.n.d.s.r.aws.ConfigClusterResolver      : Resolving eureka endpoints via configuration
2025-08-31T14:53:21.498+05:30  INFO 13100 --- [appointment-service] [restartedMain] [                                                 ] com.netflix.discovery.DiscoveryClient    : Disable delta property : false
2025-08-31T14:53:21.498+05:30  INFO 13100 --- [appointment-service] [restartedMain] [                                                 ] com.netflix.discovery.DiscoveryClient    : Single vip registry refresh property : null
2025-08-31T14:53:21.498+05:30  INFO 13100 --- [appointment-service] [restartedMain] [                                                 ] com.netflix.discovery.DiscoveryClient    : Force full registry fetch : false
2025-08-31T14:53:21.498+05:30  INFO 13100 --- [appointment-service] [restartedMain] [                                                 ] com.netflix.discovery.DiscoveryClient    : Application is null : false
2025-08-31T14:53:21.498+05:30  INFO 13100 --- [appointment-service] [restartedMain] [                                                 ] com.netflix.discovery.DiscoveryClient    : Registered Applications size is zero : true
2025-08-31T14:53:21.498+05:30  INFO 13100 --- [appointment-service] [restartedMain] [                                                 ] com.netflix.discovery.DiscoveryClient    : Application version is -1: true
2025-08-31T14:53:21.499+05:30  INFO 13100 --- [appointment-service] [restartedMain] [                                                 ] com.netflix.discovery.DiscoveryClient    : Getting all instance registry info from the eureka server
2025-08-31T14:53:21.697+05:30  INFO 13100 --- [appointment-service] [restartedMain] [                                                 ] com.netflix.discovery.DiscoveryClient    : The response status is 200
2025-08-31T14:53:21.699+05:30  INFO 13100 --- [appointment-service] [restartedMain] [                                                 ] com.netflix.discovery.DiscoveryClient    : Starting heartbeat executor: renew interval is: 30
2025-08-31T14:53:21.701+05:30  INFO 13100 --- [appointment-service] [restartedMain] [                                                 ] c.n.discovery.InstanceInfoReplicator     : InstanceInfoReplicator onDemand update allowed rate per min is 4
2025-08-31T14:53:21.703+05:30  INFO 13100 --- [appointment-service] [restartedMain] [                                                 ] com.netflix.discovery.DiscoveryClient    : Discovery Client initialized at timestamp 1756632201703 with initial instances count: 2
2025-08-31T14:53:21.716+05:30  INFO 13100 --- [appointment-service] [restartedMain] [                                                 ] o.s.c.n.e.s.EurekaServiceRegistry        : Registering application APPOINTMENT-SERVICE with eureka with status UP
2025-08-31T14:53:21.716+05:30  INFO 13100 --- [appointment-service] [restartedMain] [                                                 ] com.netflix.discovery.DiscoveryClient    : Saw local status change event StatusChangeEvent [timestamp=1756632201716, current=UP, previous=STARTING]
2025-08-31T14:53:21.717+05:30  INFO 13100 --- [appointment-service] [DiscoveryClient-InstanceInfoReplicator-%d] [                                                 ] com.netflix.discovery.DiscoveryClient    : DiscoveryClient_APPOINTMENT-SERVICE/LAPTOP-HPLJP7AG:appointment-service:8083: registering service...
2025-08-31T14:53:21.731+05:30  INFO 13100 --- [appointment-service] [restartedMain] [                                                 ] o.s.b.w.embedded.tomcat.TomcatWebServer  : Tomcat started on port 8083 (http) with context path '/'
2025-08-31T14:53:21.732+05:30  INFO 13100 --- [appointment-service] [restartedMain] [                                                 ] .s.c.n.e.s.EurekaAutoServiceRegistration : Updating port to 8083
2025-08-31T14:53:21.749+05:30  INFO 13100 --- [appointment-service] [restartedMain] [                                                 ] c.w.k.a.AppointmentServiceApplication    : Started AppointmentServiceApplication in 7.656 seconds (process running for 8.289)
2025-08-31T14:53:21.756+05:30  INFO 13100 --- [appointment-service] [DiscoveryClient-InstanceInfoReplicator-%d] [                                                 ] com.netflix.discovery.DiscoveryClient    : DiscoveryClient_APPOINTMENT-SERVICE/LAPTOP-HPLJP7AG:appointment-service:8083 - registration status: 204
2025-08-31T14:53:21.976+05:30  INFO 13100 --- [appointment-service] [RMI TCP Connection(10)-127.0.0.1] [                                                 ] o.a.c.c.C.[Tomcat].[localhost].[/]       : Initializing Spring DispatcherServlet 'dispatcherServlet'
2025-08-31T14:53:21.976+05:30  INFO 13100 --- [appointment-service] [RMI TCP Connection(10)-127.0.0.1] [                                                 ] o.s.web.servlet.DispatcherServlet        : Initializing Servlet 'dispatcherServlet'
2025-08-31T14:53:21.978+05:30  INFO 13100 --- [appointment-service] [RMI TCP Connection(10)-127.0.0.1] [                                                 ] o.s.web.servlet.DispatcherServlet        : Completed initialization in 2 ms
2025-08-31T14:57:16.843+05:30  WARN 13100 --- [appointment-service] [http-nio-8083-exec-1] [68b4157494d5bab697589e939867bf11-97589e939867bf11] .m.m.a.ExceptionHandlerExceptionResolver : Resolved [org.springframework.web.servlet.resource.NoResourceFoundException: No static resource favicon.ico.]
2025-08-31T14:58:21.502+05:30  INFO 13100 --- [appointment-service] [AsyncResolver-bootstrap-executor-%d] [                                                 ] c.n.d.s.r.aws.ConfigClusterResolver      : Resolving eureka endpoints via configuration
2025-08-31T15:03:21.503+05:30  INFO 13100 --- [appointment-service] [AsyncResolver-bootstrap-executor-%d] [                                                 ] c.n.d.s.r.aws.ConfigClusterResolver      : Resolving eureka endpoints via configuration
2025-08-31T15:08:21.515+05:30  INFO 13100 --- [appointment-service] [AsyncResolver-bootstrap-executor-%d] [                                                 ] c.n.d.s.r.aws.ConfigClusterResolver      : Resolving eureka endpoints via configuration
2025-08-31T15:13:21.517+05:30  INFO 13100 --- [appointment-service] [AsyncResolver-bootstrap-executor-%d] [                                                 ] c.n.d.s.r.aws.ConfigClusterResolver      : Resolving eureka endpoints via configuration
2025-08-31T15:18:21.531+05:30  INFO 13100 --- [appointment-service] [AsyncResolver-bootstrap-executor-%d] [                                                 ] c.n.d.s.r.aws.ConfigClusterResolver      : Resolving eureka endpoints via configuration
2025-08-31T15:23:21.542+05:30  INFO 13100 --- [appointment-service] [AsyncResolver-bootstrap-executor-%d] [                                                 ] c.n.d.s.r.aws.ConfigClusterResolver      : Resolving eureka endpoints via configuration
2025-08-31T15:28:21.544+05:30  INFO 13100 --- [appointment-service] [AsyncResolver-bootstrap-executor-%d] [                                                 ] c.n.d.s.r.aws.ConfigClusterResolver      : Resolving eureka endpoints via configuration
2025-08-31T15:30:06.986+05:30  INFO 13100 --- [appointment-service] [RMI TCP Connection(48)-127.0.0.1] [                                                 ] inMXBeanRegistrar$SpringApplicationAdmin : Application shutdown requested.
2025-08-31T15:30:06.988+05:30  INFO 13100 --- [appointment-service] [RMI TCP Connection(48)-127.0.0.1] [                                                 ] o.s.c.n.e.s.EurekaServiceRegistry        : Unregistering application APPOINTMENT-SERVICE with eureka with status DOWN
2025-08-31T15:30:06.988+05:30  INFO 13100 --- [appointment-service] [RMI TCP Connection(48)-127.0.0.1] [                                                 ] com.netflix.discovery.DiscoveryClient    : Saw local status change event StatusChangeEvent [timestamp=1756634406988, current=DOWN, previous=UP]
2025-08-31T15:30:06.988+05:30  INFO 13100 --- [appointment-service] [DiscoveryClient-InstanceInfoReplicator-%d] [                                                 ] com.netflix.discovery.DiscoveryClient    : DiscoveryClient_APPOINTMENT-SERVICE/LAPTOP-HPLJP7AG:appointment-service:8083: registering service...
2025-08-31T15:30:06.991+05:30  INFO 13100 --- [appointment-service] [RMI TCP Connection(48)-127.0.0.1] [                                                 ] o.s.b.w.e.tomcat.GracefulShutdown        : Commencing graceful shutdown. Waiting for active requests to complete
2025-08-31T15:30:06.998+05:30  INFO 13100 --- [appointment-service] [tomcat-shutdown] [                                                 ] o.s.b.w.e.tomcat.GracefulShutdown        : Graceful shutdown complete
2025-08-31T15:30:07.008+05:30  INFO 13100 --- [appointment-service] [RMI TCP Connection(48)-127.0.0.1] [                                                 ] j.LocalContainerEntityManagerFactoryBean : Closing JPA EntityManagerFactory for persistence unit 'default'
2025-08-31T15:30:07.011+05:30  INFO 13100 --- [appointment-service] [RMI TCP Connection(48)-127.0.0.1] [                                                 ] com.zaxxer.hikari.HikariDataSource       : HikariPool-1 - Shutdown initiated...
2025-08-31T15:30:07.013+05:30  INFO 13100 --- [appointment-service] [DiscoveryClient-InstanceInfoReplicator-%d] [                                                 ] com.netflix.discovery.DiscoveryClient    : DiscoveryClient_APPOINTMENT-SERVICE/LAPTOP-HPLJP7AG:appointment-service:8083 - registration status: 204
2025-08-31T15:30:07.015+05:30  INFO 13100 --- [appointment-service] [RMI TCP Connection(48)-127.0.0.1] [                                                 ] com.zaxxer.hikari.HikariDataSource       : HikariPool-1 - Shutdown completed.
2025-08-31T15:30:07.389+05:30  INFO 13100 --- [appointment-service] [RMI TCP Connection(48)-127.0.0.1] [                                                 ] com.netflix.discovery.DiscoveryClient    : Shutting down DiscoveryClient ...
2025-08-31T15:30:10.398+05:30  INFO 13100 --- [appointment-service] [RMI TCP Connection(48)-127.0.0.1] [                                                 ] com.netflix.discovery.DiscoveryClient    : Unregistering ...
2025-08-31T15:30:10.403+05:30  INFO 13100 --- [appointment-service] [RMI TCP Connection(48)-127.0.0.1] [                                                 ] com.netflix.discovery.DiscoveryClient    : DiscoveryClient_APPOINTMENT-SERVICE/LAPTOP-HPLJP7AG:appointment-service:8083 - deregister  status: 200
2025-08-31T15:30:10.404+05:30  INFO 13100 --- [appointment-service] [RMI TCP Connection(48)-127.0.0.1] [                                                 ] com.netflix.discovery.DiscoveryClient    : Completed shut down of DiscoveryClient
